    ./db_bench_new     --benchmarks=fillrandom     --use_existing_db=0     --num=80000000     --db=../data/singlerun/new_a1     --wal_dir=../data/singlerun/new_a1         --key_size=20     --value_size=100000     --block_size=8192     --cache_size=4294967296     --level_compaction_dynamic_level_bytes=1         --write_buffer_size=134217728     --target_file_size_base=134217728     --max_bytes_for_level_base=536870912     --max_bytes_for_level_multiplier=8         --statistics=1     --stats_per_interval=1     --stats_interval_seconds=10     --histogram=1         --max_background_jobs=16     --subcompactions=5     --rate_limiter_bytes_per_sec=52428800     --rate_limiter_refill_period_us=10000     --rate_limiter_auto_tuned=1     --max_compaction_bytes=10737418240         --level0_file_num_compaction_trigger=4         --max_write_buffer_number=4         --duration=600         --sine_write_rate=1     --sine_a=75000000     --sine_b=0.017942857     --sine_c=4.71     --sine_d=125000000     2>&1 | grep -v "... thread" | tee -a ../logs/singlerun/new_a1/fillrandom_0202-1601_r50_p10.log
RocksDB:    version 6.4
Date:       Tue Feb  2 16:11:36 2021
CPU:        12 * Intel(R) Core(TM) i7-8700 CPU @ 3.20GHz
CPUCache:   12288 KB

** Compaction Stats [default] **
Level    Files   Size     Score Read(GB)  Rn(GB) Rnp1(GB) Write(GB) Wnew(GB) Moved(GB) W-Amp Rd(MB/s) Wr(MB/s) Comp(sec) CompMergeCPU(sec) Comp(cnt) Avg(sec) KeyIn KeyDrop
----------------------------------------------------------------------------------------------------------------------------------------------------------------------------
 Sum      0/0    0.00 KB   0.0      0.0     0.0      0.0       0.0      0.0       0.0   0.0      0.0      0.0      0.00              0.00         0    0.000       0      0
 Int      0/0    0.00 KB   0.0      0.0     0.0      0.0       0.0      0.0       0.0   0.0      0.0      0.0      0.00              0.00         0    0.000       0      0

** Compaction Stats [default] **
Priority    Files   Size     Score Read(GB)  Rn(GB) Rnp1(GB) Write(GB) Wnew(GB) Moved(GB) W-Amp Rd(MB/s) Wr(MB/s) Comp(sec) CompMergeCPU(sec) Comp(cnt) Avg(sec) KeyIn KeyDrop
-------------------------------------------------------------------------------------------------------------------------------------------------------------------------------
Uptime(secs): 21.0 total, 21.0 interval
Flush(GB): cumulative 0.000, interval 0.000
AddFile(GB): cumulative 0.000, interval 0.000
AddFile(Total Files): cumulative 0, interval 0
AddFile(L0 Files): cumulative 0, interval 0
AddFile(Keys): cumulative 0, interval 0
Cumulative compaction: 0.00 GB write, 0.00 MB/s write, 0.00 GB read, 0.00 MB/s read, 0.0 seconds
Interval compaction: 0.00 GB write, 0.00 MB/s write, 0.00 GB read, 0.00 MB/s read, 0.0 seconds
Stalls(count): 0 level0_slowdown, 0 level0_slowdown_with_compaction, 0 level0_numfiles, 0 level0_numfiles_with_compaction, 0 stop for pending_compaction_bytes, 0 slowdown for pending_compaction_bytes, 0 memtable_compaction, 1 memtable_slowdown, interval 1 total count

** File Read Latency Histogram By Level [default] **

** DB Stats **
Uptime(secs): 21.0 total, 21.0 interval
Cumulative writes: 5000 writes, 5000 keys, 5000 commit groups, 1.0 writes per commit group, ingest: 0.47 GB, 22.67 MB/s
Cumulative WAL: 5000 writes, 0 syncs, 5000.00 writes per sync, written: 0.47 GB, 22.67 MB/s
Cumulative stall: 00:00:12.859 H:M:S, 61.1 percent
Interval writes: 5000 writes, 5000 keys, 5000 commit groups, 1.0 writes per commit group, ingest: 477.01 MB, 22.69 MB/s
Interval WAL: 5000 writes, 0 syncs, 5000.00 writes per sync, written: 0.47 MB, 22.69 MB/s
Interval stall: 00:00:12.859 H:M:S, 61.2 percent


** Compaction Stats [default] **
Level    Files   Size     Score Read(GB)  Rn(GB) Rnp1(GB) Write(GB) Wnew(GB) Moved(GB) W-Amp Rd(MB/s) Wr(MB/s) Comp(sec) CompMergeCPU(sec) Comp(cnt) Avg(sec) KeyIn KeyDrop
----------------------------------------------------------------------------------------------------------------------------------------------------------------------------
  L0      3/0   203.86 MB   0.8      0.0     0.0      0.0       0.2      0.2       0.0   1.0      0.0      2.0    100.44              2.03         3   33.481       0      0
 Sum      3/0   203.86 MB   0.0      0.0     0.0      0.0       0.2      0.2       0.0   1.0      0.0      2.0    100.44              2.03         3   33.481       0      0
 Int      0/0    0.00 KB   0.0      0.0     0.0      0.0       0.2      0.2       0.0   1.0      0.0      2.0    100.44              2.03         3   33.481       0      0

** Compaction Stats [default] **
Priority    Files   Size     Score Read(GB)  Rn(GB) Rnp1(GB) Write(GB) Wnew(GB) Moved(GB) W-Amp Rd(MB/s) Wr(MB/s) Comp(sec) CompMergeCPU(sec) Comp(cnt) Avg(sec) KeyIn KeyDrop
-------------------------------------------------------------------------------------------------------------------------------------------------------------------------------
High      0/0    0.00 KB   0.0      0.0     0.0      0.0       0.2      0.2       0.0   0.0      0.0      2.0    100.44              2.03         3   33.481       0      0
Uptime(secs): 39.9 total, 18.8 interval
Flush(GB): cumulative 0.199, interval 0.199
AddFile(GB): cumulative 0.000, interval 0.000
AddFile(Total Files): cumulative 0, interval 0
AddFile(L0 Files): cumulative 0, interval 0
AddFile(Keys): cumulative 0, interval 0
Cumulative compaction: 0.20 GB write, 5.12 MB/s write, 0.00 GB read, 0.00 MB/s read, 100.4 seconds
Interval compaction: 0.20 GB write, 10.84 MB/s write, 0.00 GB read, 0.00 MB/s read, 100.4 seconds
Stalls(count): 0 level0_slowdown, 0 level0_slowdown_with_compaction, 0 level0_numfiles, 0 level0_numfiles_with_compaction, 0 stop for pending_compaction_bytes, 0 slowdown for pending_compaction_bytes, 1 memtable_compaction, 2 memtable_slowdown, interval 2 total count

** File Read Latency Histogram By Level [default] **
** Level 0 read latency histogram (micros):
Count: 12 Average: 6.2500  StdDev: 4.19
Min: 1  Median: 5.0000  Max: 15
Percentiles: P50: 5.00 P75: 8.67 P99: 14.70 P99.9: 14.97 P99.99: 15.00
------------------------------------------------------
[       0,       1 ]        1   8.333%   8.333% ##
(       1,       2 ]        2  16.667%  25.000% ###
(       2,       3 ]        1   8.333%  33.333% ##
(       3,       4 ]        1   8.333%  41.667% ##
(       4,       6 ]        2  16.667%  58.333% ###
(       6,      10 ]        3  25.000%  83.333% #####
(      10,      15 ]        2  16.667% 100.000% ###


** DB Stats **
Uptime(secs): 39.9 total, 18.8 interval
Cumulative writes: 6000 writes, 6000 keys, 6000 commit groups, 1.0 writes per commit group, ingest: 0.56 GB, 14.36 MB/s
Cumulative WAL: 6000 writes, 0 syncs, 6000.00 writes per sync, written: 0.56 GB, 14.36 MB/s
Cumulative stall: 00:00:30.536 H:M:S, 76.6 percent
Interval writes: 1000 writes, 1000 keys, 1000 commit groups, 1.0 writes per commit group, ingest: 95.40 MB, 5.07 MB/s
Interval WAL: 1000 writes, 0 syncs, 1000.00 writes per sync, written: 0.09 MB, 5.07 MB/s
Interval stall: 00:00:17.677 H:M:S, 94.0 percent


** Compaction Stats [default] **
Level    Files   Size     Score Read(GB)  Rn(GB) Rnp1(GB) Write(GB) Wnew(GB) Moved(GB) W-Amp Rd(MB/s) Wr(MB/s) Comp(sec) CompMergeCPU(sec) Comp(cnt) Avg(sec) KeyIn KeyDrop
----------------------------------------------------------------------------------------------------------------------------------------------------------------------------
  L0      5/4   339.76 MB   0.2      0.0     0.0      0.0       0.3      0.3       0.0   1.0      0.0      2.6    129.12              3.45         5   25.823       0      0
 Sum      5/4   339.76 MB   0.0      0.0     0.0      0.0       0.3      0.3       0.0   1.0      0.0      2.6    129.12              3.45         5   25.823       0      0
 Int      0/0    0.00 KB   0.0      0.0     0.0      0.0       0.1      0.1       0.0   1.0      0.0      4.7     28.67              1.42         2   14.336       0      0

** Compaction Stats [default] **
Priority    Files   Size     Score Read(GB)  Rn(GB) Rnp1(GB) Write(GB) Wnew(GB) Moved(GB) W-Amp Rd(MB/s) Wr(MB/s) Comp(sec) CompMergeCPU(sec) Comp(cnt) Avg(sec) KeyIn KeyDrop
-------------------------------------------------------------------------------------------------------------------------------------------------------------------------------
High      0/0    0.00 KB   0.0      0.0     0.0      0.0       0.3      0.3       0.0   0.0      0.0      2.6    129.12              3.45         5   25.823       0      0
Uptime(secs): 51.0 total, 11.2 interval
Flush(GB): cumulative 0.332, interval 0.133
AddFile(GB): cumulative 0.000, interval 0.000
AddFile(Total Files): cumulative 0, interval 0
AddFile(L0 Files): cumulative 0, interval 0
AddFile(Keys): cumulative 0, interval 0
Cumulative compaction: 0.33 GB write, 6.66 MB/s write, 0.00 GB read, 0.00 MB/s read, 129.1 seconds
Interval compaction: 0.13 GB write, 12.15 MB/s write, 0.00 GB read, 0.00 MB/s read, 28.7 seconds
Stalls(count): 0 level0_slowdown, 0 level0_slowdown_with_compaction, 0 level0_numfiles, 0 level0_numfiles_with_compaction, 0 stop for pending_compaction_bytes, 0 slowdown for pending_compaction_bytes, 1 memtable_compaction, 3 memtable_slowdown, interval 1 total count

** File Read Latency Histogram By Level [default] **
** Level 0 read latency histogram (micros):
Count: 329 Average: 11.8267  StdDev: 8.22
Min: 1  Median: 7.4699  Max: 33
Percentiles: P50: 7.47 P75: 18.23 P99: 33.00 P99.9: 33.00 P99.99: 33.00
------------------------------------------------------
[       0,       1 ]        1   0.304%   0.304% 
(       1,       2 ]        2   0.608%   0.912% 
(       2,       3 ]        3   0.912%   1.824% 
(       3,       4 ]        2   0.608%   2.432% 
(       4,       6 ]      126  38.298%  40.729% ########
(       6,      10 ]       83  25.228%  65.957% #####
(      10,      15 ]        9   2.736%  68.693% #
(      15,      22 ]       45  13.678%  82.371% ###
(      22,      34 ]       58  17.629% 100.000% ####


** DB Stats **
Uptime(secs): 51.0 total, 11.2 interval
Cumulative writes: 10K writes, 10K keys, 10K commit groups, 1.0 writes per commit group, ingest: 0.93 GB, 18.69 MB/s
Cumulative WAL: 10K writes, 0 syncs, 10000.00 writes per sync, written: 0.93 GB, 18.69 MB/s
Cumulative stall: 00:00:36.385 H:M:S, 71.3 percent
Interval writes: 4000 writes, 4000 keys, 4000 commit groups, 1.0 writes per commit group, ingest: 381.61 MB, 34.13 MB/s
Interval WAL: 4000 writes, 0 syncs, 4000.00 writes per sync, written: 0.37 MB, 34.13 MB/s
Interval stall: 00:00:5.849 H:M:S, 52.3 percent


** Compaction Stats [default] **
Level    Files   Size     Score Read(GB)  Rn(GB) Rnp1(GB) Write(GB) Wnew(GB) Moved(GB) W-Amp Rd(MB/s) Wr(MB/s) Comp(sec) CompMergeCPU(sec) Comp(cnt) Avg(sec) KeyIn KeyDrop
----------------------------------------------------------------------------------------------------------------------------------------------------------------------------
  L0      9/8   611.57 MB   0.2      0.0     0.0      0.0       0.6      0.6       0.0   1.0      0.0      3.8    161.15              6.49         9   17.906       0      0
 Sum      9/8   611.57 MB   0.0      0.0     0.0      0.0       0.6      0.6       0.0   1.0      0.0      3.8    161.15              6.49         9   17.906       0      0
 Int      0/0    0.00 KB   0.0      0.0     0.0      0.0       0.3      0.3       0.0   1.0      0.0      8.5     32.04              3.04         4    8.009       0      0

** Compaction Stats [default] **
Priority    Files   Size     Score Read(GB)  Rn(GB) Rnp1(GB) Write(GB) Wnew(GB) Moved(GB) W-Amp Rd(MB/s) Wr(MB/s) Comp(sec) CompMergeCPU(sec) Comp(cnt) Avg(sec) KeyIn KeyDrop
-------------------------------------------------------------------------------------------------------------------------------------------------------------------------------
High      0/0    0.00 KB   0.0      0.0     0.0      0.0       0.6      0.6       0.0   0.0      0.0      3.8    161.15              6.49         9   17.906       0      0
Uptime(secs): 61.1 total, 10.0 interval
Flush(GB): cumulative 0.597, interval 0.265
AddFile(GB): cumulative 0.000, interval 0.000
AddFile(Total Files): cumulative 0, interval 0
AddFile(L0 Files): cumulative 0, interval 0
AddFile(Keys): cumulative 0, interval 0
Cumulative compaction: 0.60 GB write, 10.01 MB/s write, 0.00 GB read, 0.00 MB/s read, 161.2 seconds
Interval compaction: 0.27 GB write, 27.05 MB/s write, 0.00 GB read, 0.00 MB/s read, 32.0 seconds
Stalls(count): 0 level0_slowdown, 0 level0_slowdown_with_compaction, 0 level0_numfiles, 0 level0_numfiles_with_compaction, 0 stop for pending_compaction_bytes, 0 slowdown for pending_compaction_bytes, 1 memtable_compaction, 6 memtable_slowdown, interval 3 total count

** File Read Latency Histogram By Level [default] **
** Level 0 read latency histogram (micros):
Count: 1167 Average: 16.0960  StdDev: 8.94
Min: 1  Median: 16.8958  Max: 78
Percentiles: P50: 16.90 P75: 21.90 P99: 33.63 P99.9: 71.83 P99.99: 78.00
------------------------------------------------------
[       0,       1 ]        2   0.171%   0.171% 
(       1,       2 ]        4   0.343%   0.514% 
(       2,       3 ]        5   0.428%   0.943% 
(       3,       4 ]       10   0.857%   1.799% 
(       4,       6 ]      332  28.449%  30.249% ######
(       6,      10 ]      103   8.826%  39.075% ##
(      10,      15 ]       17   1.457%  40.531% 
(      15,      22 ]      408  34.961%  75.493% #######
(      22,      34 ]      283  24.250%  99.743% #####
(      34,      51 ]        1   0.086%  99.829% 
(      51,      76 ]        1   0.086%  99.914% 
(      76,     110 ]        1   0.086% 100.000% 


** DB Stats **
Uptime(secs): 61.1 total, 10.0 interval
Cumulative writes: 15K writes, 15K keys, 15K commit groups, 1.0 writes per commit group, ingest: 1.40 GB, 23.43 MB/s
Cumulative WAL: 15K writes, 0 syncs, 15000.00 writes per sync, written: 1.40 GB, 23.43 MB/s
Cumulative stall: 00:00:40.749 H:M:S, 66.7 percent
Interval writes: 5000 writes, 5000 keys, 5000 commit groups, 1.0 writes per commit group, ingest: 477.01 MB, 47.48 MB/s
Interval WAL: 5000 writes, 0 syncs, 5000.00 writes per sync, written: 0.47 MB, 47.48 MB/s
Interval stall: 00:00:4.364 H:M:S, 43.4 percent


** Compaction Stats [default] **
Level    Files   Size     Score Read(GB)  Rn(GB) Rnp1(GB) Write(GB) Wnew(GB) Moved(GB) W-Amp Rd(MB/s) Wr(MB/s) Comp(sec) CompMergeCPU(sec) Comp(cnt) Avg(sec) KeyIn KeyDrop
----------------------------------------------------------------------------------------------------------------------------------------------------------------------------
  L0     15/12  1019.28 MB   0.8      0.0     0.0      0.0       1.0      1.0       0.0   1.0      0.0      5.4    187.54             11.00        15   12.503       0      0
 Sum     15/12  1019.28 MB   0.0      0.0     0.0      0.0       1.0      1.0       0.0   1.0      0.0      5.4    187.54             11.00        15   12.503       0      0
 Int      0/0    0.00 KB   0.0      0.0     0.0      0.0       0.4      0.4       0.0   1.0      0.0     15.4     26.39              4.50         6    4.398       0      0

** Compaction Stats [default] **
Priority    Files   Size     Score Read(GB)  Rn(GB) Rnp1(GB) Write(GB) Wnew(GB) Moved(GB) W-Amp Rd(MB/s) Wr(MB/s) Comp(sec) CompMergeCPU(sec) Comp(cnt) Avg(sec) KeyIn KeyDrop
-------------------------------------------------------------------------------------------------------------------------------------------------------------------------------
High      0/0    0.00 KB   0.0      0.0     0.0      0.0       1.0      1.0       0.0   0.0      0.0      5.4    187.54             11.00        15   12.503       0      0
Uptime(secs): 71.7 total, 10.6 interval
Flush(GB): cumulative 0.995, interval 0.398
AddFile(GB): cumulative 0.000, interval 0.000
AddFile(Total Files): cumulative 0, interval 0
AddFile(L0 Files): cumulative 0, interval 0
AddFile(Keys): cumulative 0, interval 0
Cumulative compaction: 1.00 GB write, 14.23 MB/s write, 0.00 GB read, 0.00 MB/s read, 187.5 seconds
Interval compaction: 0.40 GB write, 38.57 MB/s write, 0.00 GB read, 0.00 MB/s read, 26.4 seconds
Stalls(count): 0 level0_slowdown, 0 level0_slowdown_with_compaction, 0 level0_numfiles, 0 level0_numfiles_with_compaction, 0 stop for pending_compaction_bytes, 0 slowdown for pending_compaction_bytes, 1 memtable_compaction, 10 memtable_slowdown, interval 4 total count

** File Read Latency Histogram By Level [default] **
** Level 0 read latency histogram (micros):
Count: 2754 Average: 16.6609  StdDev: 8.90
Min: 1  Median: 17.1802  Max: 79
Percentiles: P50: 17.18 P75: 22.47 P99: 33.87 P99.9: 69.72 P99.99: 79.00
------------------------------------------------------
[       0,       1 ]        5   0.182%   0.182% 
(       1,       2 ]        7   0.254%   0.436% 
(       2,       3 ]        8   0.290%   0.726% 
(       3,       4 ]       23   0.835%   1.561% 
(       4,       6 ]      725  26.325%  27.887% #####
(       6,      10 ]      201   7.298%  35.185% #
(      10,      15 ]      109   3.958%  39.143% #
(      15,      22 ]      960  34.858%  74.001% #######
(      22,      34 ]      696  25.272%  99.274% #####
(      34,      51 ]       15   0.545%  99.818% 
(      51,      76 ]        3   0.109%  99.927% 
(      76,     110 ]        2   0.073% 100.000% 


** DB Stats **
Uptime(secs): 71.7 total, 10.6 interval
Cumulative writes: 23K writes, 23K keys, 23K commit groups, 1.0 writes per commit group, ingest: 2.14 GB, 30.62 MB/s
Cumulative WAL: 23K writes, 0 syncs, 23000.00 writes per sync, written: 2.14 GB, 30.62 MB/s
Cumulative stall: 00:00:43.105 H:M:S, 60.2 percent
Interval writes: 8000 writes, 8000 keys, 8000 commit groups, 1.0 writes per commit group, ingest: 763.22 MB, 72.20 MB/s
Interval WAL: 8000 writes, 0 syncs, 8000.00 writes per sync, written: 0.75 MB, 72.20 MB/s
Interval stall: 00:00:2.356 H:M:S, 22.3 percent


** Compaction Stats [default] **
Level    Files   Size     Score Read(GB)  Rn(GB) Rnp1(GB) Write(GB) Wnew(GB) Moved(GB) W-Amp Rd(MB/s) Wr(MB/s) Comp(sec) CompMergeCPU(sec) Comp(cnt) Avg(sec) KeyIn KeyDrop
----------------------------------------------------------------------------------------------------------------------------------------------------------------------------
  L0     22/20   1.46 GB   0.5      0.0     0.0      0.0       1.5      1.5       0.0   1.0      0.0      7.1    211.02             15.95        22    9.592       0      0
 Sum     22/20   1.46 GB   0.0      0.0     0.0      0.0       1.5      1.5       0.0   1.0      0.0      7.1    211.02             15.95        22    9.592       0      0
 Int      0/0    0.00 KB   0.0      0.0     0.0      0.0       0.5      0.5       0.0   1.0      0.0     20.3     23.47              4.96         7    3.353       0      0

** Compaction Stats [default] **
Priority    Files   Size     Score Read(GB)  Rn(GB) Rnp1(GB) Write(GB) Wnew(GB) Moved(GB) W-Amp Rd(MB/s) Wr(MB/s) Comp(sec) CompMergeCPU(sec) Comp(cnt) Avg(sec) KeyIn KeyDrop
-------------------------------------------------------------------------------------------------------------------------------------------------------------------------------
High      0/0    0.00 KB   0.0      0.0     0.0      0.0       1.5      1.5       0.0   0.0      0.0      7.1    211.02             15.95        22    9.592       0      0
Uptime(secs): 88.5 total, 16.9 interval
Flush(GB): cumulative 1.460, interval 0.465
AddFile(GB): cumulative 0.000, interval 0.000
AddFile(Total Files): cumulative 0, interval 0
AddFile(L0 Files): cumulative 0, interval 0
AddFile(Keys): cumulative 0, interval 0
Cumulative compaction: 1.46 GB write, 16.89 MB/s write, 0.00 GB read, 0.00 MB/s read, 211.0 seconds
Interval compaction: 0.46 GB write, 28.21 MB/s write, 0.00 GB read, 0.00 MB/s read, 23.5 seconds
Stalls(count): 3 level0_slowdown, 3 level0_slowdown_with_compaction, 0 level0_numfiles, 0 level0_numfiles_with_compaction, 0 stop for pending_compaction_bytes, 0 slowdown for pending_compaction_bytes, 1 memtable_compaction, 15 memtable_slowdown, interval 8 total count

** File Read Latency Histogram By Level [default] **
** Level 0 read latency histogram (micros):
Count: 11237 Average: 20.1127  StdDev: 6.84
Min: 1  Median: 19.6301  Max: 93
Percentiles: P50: 19.63 P75: 25.07 P99: 33.84 P99.9: 50.60 P99.99: 93.00
------------------------------------------------------
[       0,       1 ]        5   0.044%   0.044% 
(       1,       2 ]        7   0.062%   0.107% 
(       2,       3 ]       14   0.125%   0.231% 
(       3,       4 ]       35   0.311%   0.543% 
(       4,       6 ]     1165  10.368%  10.910% ##
(       6,      10 ]      491   4.369%  15.280% #
(      10,      15 ]      255   2.269%  17.549% 
(      15,      22 ]     5513  49.061%  66.610% ##########
(      22,      34 ]     3689  32.829%  99.439% #######
(      34,      51 ]       53   0.472%  99.911% 
(      51,      76 ]        4   0.036%  99.947% 
(      76,     110 ]        6   0.053% 100.000% 


** DB Stats **
Uptime(secs): 88.5 total, 16.9 interval
Cumulative writes: 29K writes, 29K keys, 29K commit groups, 1.0 writes per commit group, ingest: 2.70 GB, 31.26 MB/s
Cumulative WAL: 29K writes, 0 syncs, 29000.00 writes per sync, written: 2.70 GB, 31.26 MB/s
Cumulative stall: 00:00:54.669 H:M:S, 61.8 percent
Interval writes: 6000 writes, 6000 keys, 6000 commit groups, 1.0 writes per commit group, ingest: 572.42 MB, 33.95 MB/s
Interval WAL: 6000 writes, 0 syncs, 6000.00 writes per sync, written: 0.56 MB, 33.95 MB/s
Interval stall: 00:00:11.564 H:M:S, 68.6 percent


** Compaction Stats [default] **
Level    Files   Size     Score Read(GB)  Rn(GB) Rnp1(GB) Write(GB) Wnew(GB) Moved(GB) W-Amp Rd(MB/s) Wr(MB/s) Comp(sec) CompMergeCPU(sec) Comp(cnt) Avg(sec) KeyIn KeyDrop
----------------------------------------------------------------------------------------------------------------------------------------------------------------------------
  L0     18/16   1.19 GB   0.5      0.0     0.0      0.0       1.5      1.5       0.0   1.0      0.0      7.1    211.02             15.95        22    9.592       0      0
  L6      3/0   271.81 MB   0.0      0.3     0.3      0.0       0.3      0.3       0.0   1.0      4.8      4.8     56.68              3.59         1   56.680    5180      0
 Sum     21/16   1.46 GB   0.0      0.3     0.3      0.0       1.7      1.7       0.0   1.2      1.0      6.6    267.70             19.54        23   11.639    5180      0
 Int      0/0    0.00 KB   0.0      0.3     0.3      0.0       0.3      0.3       0.0 285010471.0      4.8      4.8     56.68              3.59         1   56.680    5180      0

** Compaction Stats [default] **
Priority    Files   Size     Score Read(GB)  Rn(GB) Rnp1(GB) Write(GB) Wnew(GB) Moved(GB) W-Amp Rd(MB/s) Wr(MB/s) Comp(sec) CompMergeCPU(sec) Comp(cnt) Avg(sec) KeyIn KeyDrop
-------------------------------------------------------------------------------------------------------------------------------------------------------------------------------
 Low      0/0    0.00 KB   0.0      0.3     0.3      0.0       0.3      0.3       0.0   0.0      4.8      4.8     56.68              3.59         1   56.680    5180      0
High      0/0    0.00 KB   0.0      0.0     0.0      0.0       1.5      1.5       0.0   0.0      0.0      7.1    211.02             15.95        22    9.592       0      0
Uptime(secs): 99.0 total, 10.4 interval
Flush(GB): cumulative 1.460, interval 0.000
AddFile(GB): cumulative 0.000, interval 0.000
AddFile(Total Files): cumulative 0, interval 0
AddFile(L0 Files): cumulative 0, interval 0
AddFile(Keys): cumulative 0, interval 0
Cumulative compaction: 1.73 GB write, 17.85 MB/s write, 0.27 GB read, 2.75 MB/s read, 267.7 seconds
Interval compaction: 0.27 GB write, 26.02 MB/s write, 0.27 GB read, 26.02 MB/s read, 56.7 seconds
Stalls(count): 3 level0_slowdown, 3 level0_slowdown_with_compaction, 0 level0_numfiles, 0 level0_numfiles_with_compaction, 0 stop for pending_compaction_bytes, 0 slowdown for pending_compaction_bytes, 1 memtable_compaction, 15 memtable_slowdown, interval 0 total count

** File Read Latency Histogram By Level [default] **
** Level 0 read latency histogram (micros):
Count: 20943 Average: 21.1989  StdDev: 5.67
Min: 1  Median: 20.2184  Max: 93
Percentiles: P50: 20.22 P75: 25.86 P99: 33.84 P99.9: 49.59 P99.99: 93.00
------------------------------------------------------
[       0,       1 ]        5   0.024%   0.024% 
(       1,       2 ]        7   0.033%   0.057% 
(       2,       3 ]       14   0.067%   0.124% 
(       3,       4 ]       35   0.167%   0.291% 
(       4,       6 ]     1229   5.868%   6.160% #
(       6,      10 ]      597   2.851%   9.010% #
(      10,      15 ]      370   1.767%  10.777% 
(      15,      22 ]    11019  52.614%  63.391% ###########
(      22,      34 ]     7558  36.088%  99.480% #######
(      34,      51 ]       96   0.458%  99.938% 
(      51,      76 ]        6   0.029%  99.967% 
(      76,     110 ]        7   0.033% 100.000% 

** Level 6 read latency histogram (micros):
Count: 12 Average: 8.0833  StdDev: 5.69
Min: 3  Median: 4.0000  Max: 18
Percentiles: P50: 4.00 P75: 13.33 P99: 18.00 P99.9: 18.00 P99.99: 18.00
------------------------------------------------------
(       2,       3 ]        4  33.333%  33.333% #######
(       3,       4 ]        2  16.667%  50.000% ###
(       4,       6 ]        1   8.333%  58.333% ##
(      10,      15 ]        3  25.000%  83.333% #####
(      15,      22 ]        2  16.667% 100.000% ###


** DB Stats **
Uptime(secs): 99.0 total, 10.4 interval
Cumulative writes: 30K writes, 30K keys, 30K commit groups, 1.0 writes per commit group, ingest: 2.80 GB, 28.92 MB/s
Cumulative WAL: 30K writes, 0 syncs, 30000.00 writes per sync, written: 2.80 GB, 28.92 MB/s
Cumulative stall: 00:01:4.630 H:M:S, 65.3 percent
Interval writes: 1000 writes, 1000 keys, 1000 commit groups, 1.0 writes per commit group, ingest: 95.40 MB, 9.13 MB/s
Interval WAL: 1000 writes, 0 syncs, 1000.00 writes per sync, written: 0.09 MB, 9.13 MB/s
Interval stall: 00:00:9.960 H:M:S, 95.3 percent


** Compaction Stats [default] **
Level    Files   Size     Score Read(GB)  Rn(GB) Rnp1(GB) Write(GB) Wnew(GB) Moved(GB) W-Amp Rd(MB/s) Wr(MB/s) Comp(sec) CompMergeCPU(sec) Comp(cnt) Avg(sec) KeyIn KeyDrop
----------------------------------------------------------------------------------------------------------------------------------------------------------------------------
  L0     19/16   1.46 GB   0.8      0.3     0.0      0.3       2.0      1.7       0.0   1.2      1.0      7.4    273.93             22.29        27   10.145    5180      0
  L6      3/0   271.81 MB   0.0      0.3     0.3      0.0       0.3      0.3       0.0   1.0      4.8      4.8     56.68              3.59         1   56.680    5180      0
 Sum     22/16   1.73 GB   0.0      0.5     0.3      0.3       2.3      2.0       0.0   1.3      1.6      7.0    330.61             25.87        28   11.807     10K      0
 Int      0/0    0.00 KB   0.0      0.3     0.0      0.3       0.5      0.3       0.0   2.0      4.3      8.6     62.91              6.33         5   12.583    5180      0

** Compaction Stats [default] **
Priority    Files   Size     Score Read(GB)  Rn(GB) Rnp1(GB) Write(GB) Wnew(GB) Moved(GB) W-Amp Rd(MB/s) Wr(MB/s) Comp(sec) CompMergeCPU(sec) Comp(cnt) Avg(sec) KeyIn KeyDrop
-------------------------------------------------------------------------------------------------------------------------------------------------------------------------------
 Low      0/0    0.00 KB   0.0      0.5     0.3      0.3       0.5      0.3       0.0   0.0      5.1      5.1    106.38              7.28         2   53.188     10K      0
High      0/0    0.00 KB   0.0      0.0     0.0      0.0       1.7      1.7       0.0   0.0      0.0      7.9    224.23             18.60        26    8.624       0      0
Uptime(secs): 109.5 total, 10.5 interval
Flush(GB): cumulative 1.725, interval 0.265
AddFile(GB): cumulative 0.000, interval 0.000
AddFile(Total Files): cumulative 0, interval 0
AddFile(L0 Files): cumulative 0, interval 0
AddFile(Keys): cumulative 0, interval 0
Cumulative compaction: 2.26 GB write, 21.10 MB/s write, 0.53 GB read, 4.97 MB/s read, 330.6 seconds
Interval compaction: 0.53 GB write, 51.69 MB/s write, 0.27 GB read, 25.84 MB/s read, 62.9 seconds
Stalls(count): 6 level0_slowdown, 6 level0_slowdown_with_compaction, 0 level0_numfiles, 0 level0_numfiles_with_compaction, 0 stop for pending_compaction_bytes, 0 slowdown for pending_compaction_bytes, 1 memtable_compaction, 17 memtable_slowdown, interval 5 total count

** File Read Latency Histogram By Level [default] **
** Level 0 read latency histogram (micros):
Count: 24776 Average: 21.0009  StdDev: 5.86
Min: 1  Median: 20.0636  Max: 93
Percentiles: P50: 20.06 P75: 25.61 P99: 33.85 P99.9: 50.06 P99.99: 93.00
------------------------------------------------------
[       0,       1 ]        5   0.020%   0.020% 
(       1,       2 ]        7   0.028%   0.048% 
(       2,       3 ]       15   0.061%   0.109% 
(       3,       4 ]       55   0.222%   0.331% 
(       4,       6 ]     1544   6.232%   6.563% #
(       6,      10 ]      828   3.342%   9.905% #
(      10,      15 ]      544   2.196%  12.100% 
(      15,      22 ]    12981  52.393%  64.494% ##########
(      22,      34 ]     8656  34.937%  99.431% #######
(      34,      51 ]      123   0.496%  99.927% 
(      51,      76 ]       10   0.040%  99.968% 
(      76,     110 ]        8   0.032% 100.000% 

** Level 6 read latency histogram (micros):
Count: 12 Average: 8.0833  StdDev: 5.69
Min: 3  Median: 4.0000  Max: 18
Percentiles: P50: 4.00 P75: 13.33 P99: 18.00 P99.9: 18.00 P99.99: 18.00
------------------------------------------------------
(       2,       3 ]        4  33.333%  33.333% #######
(       3,       4 ]        2  16.667%  50.000% ###
(       4,       6 ]        1   8.333%  58.333% ##
(      10,      15 ]        3  25.000%  83.333% #####
(      15,      22 ]        2  16.667% 100.000% ###


** DB Stats **
Uptime(secs): 109.5 total, 10.5 interval
Cumulative writes: 37K writes, 37K keys, 37K commit groups, 1.0 writes per commit group, ingest: 3.45 GB, 32.24 MB/s
Cumulative WAL: 37K writes, 0 syncs, 37000.00 writes per sync, written: 3.45 GB, 32.24 MB/s
Cumulative stall: 00:01:10.542 H:M:S, 64.4 percent
Interval writes: 7000 writes, 7000 keys, 7000 commit groups, 1.0 writes per commit group, ingest: 667.82 MB, 63.50 MB/s
Interval WAL: 7000 writes, 0 syncs, 7000.00 writes per sync, written: 0.65 MB, 63.50 MB/s
Interval stall: 00:00:5.912 H:M:S, 56.2 percent


** Compaction Stats [default] **
Level    Files   Size     Score Read(GB)  Rn(GB) Rnp1(GB) Write(GB) Wnew(GB) Moved(GB) W-Amp Rd(MB/s) Wr(MB/s) Comp(sec) CompMergeCPU(sec) Comp(cnt) Avg(sec) KeyIn KeyDrop
----------------------------------------------------------------------------------------------------------------------------------------------------------------------------
  L0     18/12   1.79 GB   2.0      0.8     0.0      0.8       2.9      2.1       0.0   1.4      2.1      7.6    383.72             33.00        34   11.286     15K      1
  L6      3/0   271.81 MB   0.0      0.3     0.3      0.0       0.3      0.3       0.0   1.0      4.8      4.8     56.68              3.59         1   56.680    5180      0
 Sum     21/12   2.06 GB   0.0      1.1     0.3      0.8       3.1      2.3       0.0   1.5      2.5      7.3    440.40             36.59        35   12.583     20K      1
 Int      0/0    0.00 KB   0.0      0.5     0.0      0.5       0.9      0.3       0.0   2.6      5.0      8.0    109.79             10.72         7   15.685     10K      1

** Compaction Stats [default] **
Priority    Files   Size     Score Read(GB)  Rn(GB) Rnp1(GB) Write(GB) Wnew(GB) Moved(GB) W-Amp Rd(MB/s) Wr(MB/s) Comp(sec) CompMergeCPU(sec) Comp(cnt) Avg(sec) KeyIn KeyDrop
-------------------------------------------------------------------------------------------------------------------------------------------------------------------------------
 Low      0/0    0.00 KB   0.0      1.1     0.3      0.8       1.1      0.3       0.0   0.0      5.4      5.4    200.72             14.64         4   50.180     20K      1
High      0/0    0.00 KB   0.0      0.0     0.0      0.0       2.1      2.1       0.0   0.0      0.0      8.8    239.68             21.95        31    7.732       0      0
Uptime(secs): 120.2 total, 10.7 interval
Flush(GB): cumulative 2.057, interval 0.332
AddFile(GB): cumulative 0.000, interval 0.000
AddFile(Total Files): cumulative 0, interval 0
AddFile(L0 Files): cumulative 0, interval 0
AddFile(Keys): cumulative 0, interval 0
Cumulative compaction: 3.12 GB write, 26.58 MB/s write, 1.06 GB read, 9.05 MB/s read, 440.4 seconds
Interval compaction: 0.86 GB write, 82.73 MB/s write, 0.53 GB read, 50.91 MB/s read, 109.8 seconds
Stalls(count): 9 level0_slowdown, 9 level0_slowdown_with_compaction, 0 level0_numfiles, 0 level0_numfiles_with_compaction, 0 stop for pending_compaction_bytes, 0 slowdown for pending_compaction_bytes, 1 memtable_compaction, 21 memtable_slowdown, interval 7 total count

** File Read Latency Histogram By Level [default] **
** Level 0 read latency histogram (micros):
Count: 28109 Average: 20.8017  StdDev: 6.04
Min: 1  Median: 19.9323  Max: 93
Percentiles: P50: 19.93 P75: 25.41 P99: 33.85 P99.9: 50.04 P99.99: 93.00
------------------------------------------------------
[       0,       1 ]        5   0.018%   0.018% 
(       1,       2 ]        7   0.025%   0.043% 
(       2,       3 ]       18   0.064%   0.107% 
(       3,       4 ]       71   0.253%   0.359% 
(       4,       6 ]     1883   6.699%   7.058% #
(       6,      10 ]     1057   3.760%  10.819% #
(      10,      15 ]      741   2.636%  13.455% #
(      15,      22 ]    14579  51.866%  65.321% ##########
(      22,      34 ]     9585  34.099%  99.420% #######
(      34,      51 ]      143   0.509%  99.929% 
(      51,      76 ]       11   0.039%  99.968% 
(      76,     110 ]        9   0.032% 100.000% 

** Level 6 read latency histogram (micros):
Count: 12 Average: 8.0833  StdDev: 5.69
Min: 3  Median: 4.0000  Max: 18
Percentiles: P50: 4.00 P75: 13.33 P99: 18.00 P99.9: 18.00 P99.99: 18.00
------------------------------------------------------
(       2,       3 ]        4  33.333%  33.333% #######
(       3,       4 ]        2  16.667%  50.000% ###
(       4,       6 ]        1   8.333%  58.333% ##
(      10,      15 ]        3  25.000%  83.333% #####
(      15,      22 ]        2  16.667% 100.000% ###


** DB Stats **
Uptime(secs): 120.2 total, 10.7 interval
Cumulative writes: 43K writes, 43K keys, 43K commit groups, 1.0 writes per commit group, ingest: 4.01 GB, 34.14 MB/s
Cumulative WAL: 43K writes, 0 syncs, 43000.00 writes per sync, written: 4.01 GB, 34.14 MB/s
Cumulative stall: 00:01:17.558 H:M:S, 64.5 percent
Interval writes: 6000 writes, 6000 keys, 6000 commit groups, 1.0 writes per commit group, ingest: 572.42 MB, 53.61 MB/s
Interval WAL: 6000 writes, 0 syncs, 6000.00 writes per sync, written: 0.56 MB, 53.61 MB/s
Interval stall: 00:00:7.016 H:M:S, 65.7 percent


** Compaction Stats [default] **
Level    Files   Size     Score Read(GB)  Rn(GB) Rnp1(GB) Write(GB) Wnew(GB) Moved(GB) W-Amp Rd(MB/s) Wr(MB/s) Comp(sec) CompMergeCPU(sec) Comp(cnt) Avg(sec) KeyIn KeyDrop
----------------------------------------------------------------------------------------------------------------------------------------------------------------------------
  L0     22/16   2.26 GB   2.4      1.1     0.0      1.1       3.6      2.5       0.0   1.4      2.4      8.1    454.96             41.56        42   10.832     20K      1
  L6      3/0   271.81 MB   0.0      0.3     0.3      0.0       0.3      0.3       0.0   1.0      4.8      4.8     56.68              3.59         1   56.680    5180      0
 Sum     25/16   2.52 GB   0.0      1.3     0.3      1.1       3.8      2.8       0.0   1.5      2.7      7.7    511.64             45.15        43   11.899     25K      1
 Int      0/0    0.00 KB   0.0      0.3     0.0      0.3       0.7      0.5       0.0   1.6      3.8     10.5     71.24              8.56         8    8.905    5180      0

** Compaction Stats [default] **
Priority    Files   Size     Score Read(GB)  Rn(GB) Rnp1(GB) Write(GB) Wnew(GB) Moved(GB) W-Amp Rd(MB/s) Wr(MB/s) Comp(sec) CompMergeCPU(sec) Comp(cnt) Avg(sec) KeyIn KeyDrop
-------------------------------------------------------------------------------------------------------------------------------------------------------------------------------
 Low      0/0    0.00 KB   0.0      1.3     0.3      1.1       1.3      0.3       0.0   0.0      5.5      5.5    245.67             18.41         5   49.133     25K      1
High      0/0    0.00 KB   0.0      0.0     0.0      0.0       2.5      2.5       0.0   0.0      0.0      9.7    265.98             26.74        38    6.999       0      0
Uptime(secs): 142.5 total, 22.3 interval
Flush(GB): cumulative 2.522, interval 0.465
AddFile(GB): cumulative 0.000, interval 0.000
AddFile(Total Files): cumulative 0, interval 0
AddFile(L0 Files): cumulative 0, interval 0
AddFile(Keys): cumulative 0, interval 0
Cumulative compaction: 3.85 GB write, 27.66 MB/s write, 1.33 GB read, 9.54 MB/s read, 511.6 seconds
Interval compaction: 0.73 GB write, 33.51 MB/s write, 0.27 GB read, 12.19 MB/s read, 71.2 seconds
Stalls(count): 13 level0_slowdown, 13 level0_slowdown_with_compaction, 0 level0_numfiles, 0 level0_numfiles_with_compaction, 0 stop for pending_compaction_bytes, 0 slowdown for pending_compaction_bytes, 1 memtable_compaction, 26 memtable_slowdown, interval 9 total count

** File Read Latency Histogram By Level [default] **
** Level 0 read latency histogram (micros):
Count: 41401 Average: 20.8426  StdDev: 5.77
Min: 1  Median: 19.8215  Max: 95
Percentiles: P50: 19.82 P75: 24.96 P99: 33.81 P99.9: 49.62 P99.99: 95.00
------------------------------------------------------
[       0,       1 ]        8   0.019%   0.019% 
(       1,       2 ]        8   0.019%   0.039% 
(       2,       3 ]       25   0.060%   0.099% 
(       3,       4 ]      105   0.254%   0.353% 
(       4,       6 ]     2431   5.872%   6.224% #
(       6,      10 ]     1517   3.664%   9.889% #
(      10,      15 ]     1058   2.555%  12.444% #
(      15,      22 ]    22574  54.525%  66.969% ###########
(      22,      34 ]    13471  32.538%  99.507% #######
(      34,      51 ]      177   0.428%  99.935% 
(      51,      76 ]       15   0.036%  99.971% 
(      76,     110 ]       12   0.029% 100.000% 

** Level 6 read latency histogram (micros):
Count: 12 Average: 8.0833  StdDev: 5.69
Min: 3  Median: 4.0000  Max: 18
Percentiles: P50: 4.00 P75: 13.33 P99: 18.00 P99.9: 18.00 P99.99: 18.00
------------------------------------------------------
(       2,       3 ]        4  33.333%  33.333% #######
(       3,       4 ]        2  16.667%  50.000% ###
(       4,       6 ]        1   8.333%  58.333% ##
(      10,      15 ]        3  25.000%  83.333% #####
(      15,      22 ]        2  16.667% 100.000% ###


** DB Stats **
Uptime(secs): 142.5 total, 22.3 interval
Cumulative writes: 50K writes, 50K keys, 50K commit groups, 1.0 writes per commit group, ingest: 4.66 GB, 33.48 MB/s
Cumulative WAL: 50K writes, 0 syncs, 50000.00 writes per sync, written: 4.66 GB, 33.48 MB/s
Cumulative stall: 00:01:36.081 H:M:S, 67.4 percent
Interval writes: 7000 writes, 7000 keys, 7000 commit groups, 1.0 writes per commit group, ingest: 667.82 MB, 29.94 MB/s
Interval WAL: 7000 writes, 0 syncs, 7000.00 writes per sync, written: 0.65 MB, 29.94 MB/s
Interval stall: 00:00:18.523 H:M:S, 83.0 percent


** Compaction Stats [default] **
Level    Files   Size     Score Read(GB)  Rn(GB) Rnp1(GB) Write(GB) Wnew(GB) Moved(GB) W-Amp Rd(MB/s) Wr(MB/s) Comp(sec) CompMergeCPU(sec) Comp(cnt) Avg(sec) KeyIn KeyDrop
----------------------------------------------------------------------------------------------------------------------------------------------------------------------------
  L0     19/12   2.46 GB   3.3      1.6     0.0      1.6       4.3      2.7       0.0   1.6      3.0      8.1    543.87             50.90        47   11.572     31K      1
  L6      3/0   271.81 MB   0.0      0.3     0.3      0.0       0.3      0.3       0.0   1.0      4.8      4.8     56.68              3.59         1   56.680    5180      0
 Sum     22/12   2.72 GB   0.0      1.9     0.3      1.6       4.6      3.0       0.0   1.7      3.2      7.8    600.55             54.49        48   12.512     36K      1
 Int      0/0    0.00 KB   0.0      0.5     0.0      0.5       0.7      0.2       0.0   3.7      6.1      8.4     88.91              9.34         5   17.782     10K      0

** Compaction Stats [default] **
Priority    Files   Size     Score Read(GB)  Rn(GB) Rnp1(GB) Write(GB) Wnew(GB) Moved(GB) W-Amp Rd(MB/s) Wr(MB/s) Comp(sec) CompMergeCPU(sec) Comp(cnt) Avg(sec) KeyIn KeyDrop
-------------------------------------------------------------------------------------------------------------------------------------------------------------------------------
 Low      0/0    0.00 KB   0.0      1.9     0.3      1.6       1.9      0.3       0.0   0.0      5.9      5.9    325.08             25.70         7   46.440     36K      1
High      0/0    0.00 KB   0.0      0.0     0.0      0.0       2.7      2.7       0.0   0.0      0.0     10.1    275.48             28.79        41    6.719       0      0
Uptime(secs): 152.6 total, 10.1 interval
Flush(GB): cumulative 2.721, interval 0.199
AddFile(GB): cumulative 0.000, interval 0.000
AddFile(Total Files): cumulative 0, interval 0
AddFile(L0 Files): cumulative 0, interval 0
AddFile(Keys): cumulative 0, interval 0
Cumulative compaction: 4.58 GB write, 30.73 MB/s write, 1.86 GB read, 12.47 MB/s read, 600.6 seconds
Interval compaction: 0.73 GB write, 73.96 MB/s write, 0.53 GB read, 53.79 MB/s read, 88.9 seconds
Stalls(count): 16 level0_slowdown, 16 level0_slowdown_with_compaction, 0