    ./db_bench_old     --benchmarks=fillrandom     --use_existing_db=0     --num=800000000     --db=../data/singlerun/old_a0     --wal_dir=../data/singlerun/old_a0         --key_size=20     --value_size=100000     --block_size=8192     --cache_size=4294967296     --level_compaction_dynamic_level_bytes=1         --write_buffer_size=134217728     --target_file_size_base=134217728     --max_bytes_for_level_base=536870912     --max_bytes_for_level_multiplier=8         --statistics=1     --stats_per_interval=1     --stats_interval_seconds=10     --histogram=1         --max_background_jobs=16     --subcompactions=5     --rate_limiter_bytes_per_sec=104857600     --rate_limiter_refill_period_us=10000     --rate_limiter_auto_tuned=0     --max_compaction_bytes=10737418240         --level0_file_num_compaction_trigger=4         --max_write_buffer_number=4         --duration=3600         --sine_write_rate=1     --sine_a=75000000     --sine_b=0.017942857     --sine_c=4.71     --sine_d=125000000     2>&1 | grep -v "... thread" | tee -a ../logs/singlerun/old_a0/fillrandom_0202-1739_r100_p10.log
RocksDB:    version 6.4
Date:       Tue Feb  2 17:39:15 2021
CPU:        12 * Intel(R) Core(TM) i7-8700 CPU @ 3.20GHz
CPUCache:   12288 KB

** Compaction Stats [default] **
Level    Files   Size     Score Read(GB)  Rn(GB) Rnp1(GB) Write(GB) Wnew(GB) Moved(GB) W-Amp Rd(MB/s) Wr(MB/s) Comp(sec) CompMergeCPU(sec) Comp(cnt) Avg(sec) KeyIn KeyDrop
----------------------------------------------------------------------------------------------------------------------------------------------------------------------------
  L0      3/0   203.85 MB   0.8      0.0     0.0      0.0       0.2      0.2       0.0   1.0      0.0     96.3      2.12              0.92         3    0.706       0      0
 Sum      3/0   203.85 MB   0.0      0.0     0.0      0.0       0.2      0.2       0.0   1.0      0.0     96.3      2.12              0.92         3    0.706       0      0
 Int      0/0    0.00 KB   0.0      0.0     0.0      0.0       0.2      0.2       0.0   1.0      0.0     96.3      2.12              0.92         3    0.706       0      0

** Compaction Stats [default] **
Priority    Files   Size     Score Read(GB)  Rn(GB) Rnp1(GB) Write(GB) Wnew(GB) Moved(GB) W-Amp Rd(MB/s) Wr(MB/s) Comp(sec) CompMergeCPU(sec) Comp(cnt) Avg(sec) KeyIn KeyDrop
-------------------------------------------------------------------------------------------------------------------------------------------------------------------------------
High      0/0    0.00 KB   0.0      0.0     0.0      0.0       0.2      0.2       0.0   0.0      0.0     96.3      2.12              0.92         3    0.706       0      0
Uptime(secs): 10.0 total, 10.0 interval
Flush(GB): cumulative 0.199, interval 0.199
AddFile(GB): cumulative 0.000, interval 0.000
AddFile(Total Files): cumulative 0, interval 0
AddFile(L0 Files): cumulative 0, interval 0
AddFile(Keys): cumulative 0, interval 0
Cumulative compaction: 0.20 GB write, 20.32 MB/s write, 0.00 GB read, 0.00 MB/s read, 2.1 seconds
Interval compaction: 0.20 GB write, 20.35 MB/s write, 0.00 GB read, 0.00 MB/s read, 2.1 seconds
Stalls(count): 0 level0_slowdown, 0 level0_slowdown_with_compaction, 0 level0_numfiles, 0 level0_numfiles_with_compaction, 0 stop for pending_compaction_bytes, 0 slowdown for pending_compaction_bytes, 0 memtable_compaction, 0 memtable_slowdown, interval 0 total count

** File Read Latency Histogram By Level [default] **
** Level 0 read latency histogram (micros):
Count: 12 Average: 4.1667  StdDev: 2.11
Min: 2  Median: 3.0000  Max: 8
Percentiles: P50: 3.00 P75: 5.20 P99: 8.00 P99.9: 8.00 P99.99: 8.00
------------------------------------------------------
(       1,       2 ]        5  41.667%  41.667% ########
(       2,       3 ]        1   8.333%  50.000% ##
(       4,       6 ]        5  41.667%  91.667% ########
(       6,      10 ]        1   8.333% 100.000% ##


** DB Stats **
Uptime(secs): 10.0 total, 10.0 interval
Cumulative writes: 5000 writes, 5000 keys, 5000 commit groups, 1.0 writes per commit group, ingest: 0.47 GB, 47.54 MB/s
Cumulative WAL: 5000 writes, 0 syncs, 5000.00 writes per sync, written: 0.47 GB, 47.54 MB/s
Cumulative stall: 00:00:0.000 H:M:S, 0.0 percent
Interval writes: 5000 writes, 5000 keys, 5000 commit groups, 1.0 writes per commit group, ingest: 477.01 MB, 47.61 MB/s
Interval WAL: 5000 writes, 0 syncs, 5000.00 writes per sync, written: 0.47 MB, 47.61 MB/s
Interval stall: 00:00:0.000 H:M:S, 0.0 percent


** Compaction Stats [default] **
Level    Files   Size     Score Read(GB)  Rn(GB) Rnp1(GB) Write(GB) Wnew(GB) Moved(GB) W-Amp Rd(MB/s) Wr(MB/s) Comp(sec) CompMergeCPU(sec) Comp(cnt) Avg(sec) KeyIn KeyDrop
----------------------------------------------------------------------------------------------------------------------------------------------------------------------------
  L0      4/4   271.81 MB   0.0      0.0     0.0      0.0       0.5      0.5       0.0   1.0      0.0     94.8      5.73              2.39         8    0.717       0      0
  L6      3/3   271.81 MB   0.0      0.3     0.3      0.0       0.3      0.3       0.0   1.0     78.2     78.2      3.48              1.20         1    3.475    5180      0
 Sum      7/7   543.61 MB   0.0      0.3     0.3      0.0       0.8      0.8       0.0   1.5     29.5     88.5      9.21              3.59         9    1.023    5180      0
 Int      0/0    0.00 KB   0.0      0.3     0.3      0.0       0.6      0.6       0.0   1.8     38.3     86.2      7.09              2.67         6    1.182    5180      0

** Compaction Stats [default] **
Priority    Files   Size     Score Read(GB)  Rn(GB) Rnp1(GB) Write(GB) Wnew(GB) Moved(GB) W-Amp Rd(MB/s) Wr(MB/s) Comp(sec) CompMergeCPU(sec) Comp(cnt) Avg(sec) KeyIn KeyDrop
-------------------------------------------------------------------------------------------------------------------------------------------------------------------------------
 Low      0/0    0.00 KB   0.0      0.3     0.3      0.0       0.3      0.3       0.0   0.0     78.2     78.2      3.48              1.20         1    3.475    5180      0
High      0/0    0.00 KB   0.0      0.0     0.0      0.0       0.5      0.5       0.0   0.0      0.0     94.8      5.73              2.39         8    0.717       0      0
Uptime(secs): 21.6 total, 11.6 interval
Flush(GB): cumulative 0.531, interval 0.332
AddFile(GB): cumulative 0.000, interval 0.000
AddFile(Total Files): cumulative 0, interval 0
AddFile(L0 Files): cumulative 0, interval 0
AddFile(Keys): cumulative 0, interval 0
Cumulative compaction: 0.80 GB write, 37.66 MB/s write, 0.27 GB read, 12.55 MB/s read, 9.2 seconds
Interval compaction: 0.60 GB write, 52.65 MB/s write, 0.27 GB read, 23.40 MB/s read, 7.1 seconds
Stalls(count): 0 level0_slowdown, 0 level0_slowdown_with_compaction, 0 level0_numfiles, 0 level0_numfiles_with_compaction, 0 stop for pending_compaction_bytes, 0 slowdown for pending_compaction_bytes, 0 memtable_compaction, 0 memtable_slowdown, interval 0 total count

** File Read Latency Histogram By Level [default] **
** Level 0 read latency histogram (micros):
Count: 5718 Average: 9.0289  StdDev: 3.95
Min: 1  Median: 8.0257  Max: 69
Percentiles: P50: 8.03 P75: 9.27 P99: 21.97 P99.9: 61.71 P99.99: 69.00
------------------------------------------------------
[       0,       1 ]        5   0.087%   0.087% 
(       1,       2 ]        9   0.157%   0.245% 
(       2,       3 ]        5   0.087%   0.332% 
(       3,       4 ]        2   0.035%   0.367% 
(       4,       6 ]      512   8.954%   9.321% ##
(       6,      10 ]     4593  80.325%  89.647% ################
(      10,      15 ]      224   3.917%  93.564% #
(      15,      22 ]      312   5.456%  99.021% #
(      22,      34 ]       45   0.787%  99.808% 
(      34,      51 ]        1   0.017%  99.825% 
(      51,      76 ]       10   0.175% 100.000% 

** Level 6 read latency histogram (micros):
Count: 469 Average: 15.4691  StdDev: 7.10
Min: 1  Median: 16.5665  Max: 43
Percentiles: P50: 16.57 P75: 19.88 P99: 33.48 P99.9: 43.00 P99.99: 43.00
------------------------------------------------------
[       0,       1 ]        5   1.066%   1.066% 
(       1,       2 ]        2   0.426%   1.493% 
(       3,       4 ]        2   0.426%   1.919% 
(       4,       6 ]       80  17.058%  18.977% ###
(       6,      10 ]       66  14.072%  33.049% ###
(      10,      15 ]       24   5.117%  38.166% #
(      15,      22 ]      248  52.878%  91.045% ###########
(      22,      34 ]       39   8.316%  99.360% ##
(      34,      51 ]        3   0.640% 100.000% 


** DB Stats **
Uptime(secs): 21.6 total, 11.6 interval
Cumulative writes: 11K writes, 11K keys, 11K commit groups, 1.0 writes per commit group, ingest: 1.02 GB, 48.47 MB/s
Cumulative WAL: 11K writes, 0 syncs, 11000.00 writes per sync, written: 1.02 GB, 48.47 MB/s
Cumulative stall: 00:00:0.000 H:M:S, 0.0 percent
Interval writes: 6000 writes, 6000 keys, 6000 commit groups, 1.0 writes per commit group, ingest: 572.42 MB, 49.28 MB/s
Interval WAL: 6000 writes, 0 syncs, 6000.00 writes per sync, written: 0.56 MB, 49.28 MB/s
Interval stall: 00:00:0.000 H:M:S, 0.0 percent


** Compaction Stats [default] **
Level    Files   Size     Score Read(GB)  Rn(GB) Rnp1(GB) Write(GB) Wnew(GB) Moved(GB) W-Amp Rd(MB/s) Wr(MB/s) Comp(sec) CompMergeCPU(sec) Comp(cnt) Avg(sec) KeyIn KeyDrop
----------------------------------------------------------------------------------------------------------------------------------------------------------------------------
  L0      4/4   271.81 MB   0.0      0.0     0.0      0.0       0.8      0.8       0.0   1.0      0.0     90.5      9.01              3.75        12    0.751       0      0
  L6      6/0   543.61 MB   0.0      0.8     0.5      0.3       0.8      0.5       0.0   1.5     73.5     73.5     11.09              5.62         2    5.547     15K      2
 Sum     10/4   815.42 MB   0.0      0.8     0.5      0.3       1.6      1.3       0.0   2.0     40.6     81.1     20.10              9.37        14    1.436     15K      2
 Int      0/0    0.00 KB   0.0      0.5     0.3      0.3       0.8      0.5       0.0   3.0     49.9     74.8     10.89              5.78         5    2.179     10K      2

** Compaction Stats [default] **
Priority    Files   Size     Score Read(GB)  Rn(GB) Rnp1(GB) Write(GB) Wnew(GB) Moved(GB) W-Amp Rd(MB/s) Wr(MB/s) Comp(sec) CompMergeCPU(sec) Comp(cnt) Avg(sec) KeyIn KeyDrop
-------------------------------------------------------------------------------------------------------------------------------------------------------------------------------
 Low      0/0    0.00 KB   0.0      0.8     0.5      0.3       0.8      0.5       0.0   0.0     73.5     73.5     11.09              5.62         2    5.547     15K      2
High      0/0    0.00 KB   0.0      0.0     0.0      0.0       0.8      0.8       0.0   0.0      0.0     90.5      9.01              3.75        12    0.751       0      0
Uptime(secs): 32.4 total, 10.7 interval
Flush(GB): cumulative 0.796, interval 0.265
AddFile(GB): cumulative 0.000, interval 0.000
AddFile(Total Files): cumulative 0, interval 0
AddFile(L0 Files): cumulative 0, interval 0
AddFile(Keys): cumulative 0, interval 0
Cumulative compaction: 1.59 GB write, 50.39 MB/s write, 0.80 GB read, 25.20 MB/s read, 20.1 seconds
Interval compaction: 0.80 GB write, 76.12 MB/s write, 0.53 GB read, 50.74 MB/s read, 10.9 seconds
Stalls(count): 0 level0_slowdown, 0 level0_slowdown_with_compaction, 0 level0_numfiles, 0 level0_numfiles_with_compaction, 0 stop for pending_compaction_bytes, 0 slowdown for pending_compaction_bytes, 0 memtable_compaction, 0 memtable_slowdown, interval 0 total count

** File Read Latency Histogram By Level [default] **
** Level 0 read latency histogram (micros):
Count: 13073 Average: 10.9748  StdDev: 4.75
Min: 1  Median: 9.1270  Max: 69
Percentiles: P50: 9.13 P75: 13.23 P99: 27.71 P99.9: 42.29 P99.99: 69.00
------------------------------------------------------
[       0,       1 ]        7   0.054%   0.054% 
(       1,       2 ]       13   0.099%   0.153% 
(       2,       3 ]        8   0.061%   0.214% 
(       3,       4 ]        9   0.069%   0.283% 
(       4,       6 ]     1064   8.139%   8.422% ##
(       6,      10 ]     6953  53.186%  61.608% ###########
(      10,      15 ]     2709  20.722%  82.330% ####
(      15,      22 ]     2075  15.872%  98.202% ###
(      22,      34 ]      219   1.675%  99.878% 
(      34,      51 ]        6   0.046%  99.924% 
(      51,      76 ]       10   0.076% 100.000% 

** Level 6 read latency histogram (micros):
Count: 5218 Average: 14.5765  StdDev: 4.90
Min: 1  Median: 13.9803  Max: 43
Percentiles: P50: 13.98 P75: 18.07 P99: 31.30 P99.9: 38.33 P99.99: 43.00
------------------------------------------------------
[       0,       1 ]        5   0.096%   0.096% 
(       1,       2 ]        2   0.038%   0.134% 
(       2,       3 ]        4   0.077%   0.211% 
(       3,       4 ]       13   0.249%   0.460% 
(       4,       6 ]      326   6.248%   6.708% #
(       6,      10 ]      518   9.927%  16.635% ##
(      10,      15 ]     2187  41.913%  58.547% ########
(      15,      22 ]     1955  37.466%  96.014% #######
(      22,      34 ]      201   3.852%  99.866% #
(      34,      51 ]        7   0.134% 100.000% 


** DB Stats **
Uptime(secs): 32.4 total, 10.7 interval
Cumulative writes: 17K writes, 17K keys, 17K commit groups, 1.0 writes per commit group, ingest: 1.58 GB, 50.11 MB/s
Cumulative WAL: 17K writes, 0 syncs, 17000.00 writes per sync, written: 1.58 GB, 50.11 MB/s
Cumulative stall: 00:00:0.000 H:M:S, 0.0 percent
Interval writes: 6000 writes, 6000 keys, 6000 commit groups, 1.0 writes per commit group, ingest: 572.42 MB, 53.43 MB/s
Interval WAL: 6000 writes, 0 syncs, 6000.00 writes per sync, written: 0.56 MB, 53.43 MB/s
Interval stall: 00:00:0.000 H:M:S, 0.0 percent


** Compaction Stats [default] **
Level    Files   Size     Score Read(GB)  Rn(GB) Rnp1(GB) Write(GB) Wnew(GB) Moved(GB) W-Amp Rd(MB/s) Wr(MB/s) Comp(sec) CompMergeCPU(sec) Comp(cnt) Avg(sec) KeyIn KeyDrop
----------------------------------------------------------------------------------------------------------------------------------------------------------------------------
  L0      6/4   407.71 MB   0.5      0.0     0.0      0.0       1.2      1.2       0.0   1.0      0.0     90.0     13.58              5.64        18    0.755       0      0
  L5      3/3   271.81 MB   0.0      0.3     0.3      0.0       0.3      0.3       0.0   1.0     78.1     78.1      3.48              1.24         1    3.481    5180      0
  L6      6/0   543.61 MB   0.0      0.8     0.5      0.3       0.8      0.5       0.0   1.5     73.5     73.5     11.09              5.62         2    5.547     15K      2
 Sum     15/7    1.19 GB   0.0      1.1     0.8      0.3       2.3      2.0       0.0   1.9     38.6     82.0     28.16             12.50        21    1.341     20K      2
 Int      0/0    0.00 KB   0.0      0.3     0.3      0.0       0.7      0.7       0.0   1.7     33.7     84.4      8.05              3.13         7    1.151    5180      0

** Compaction Stats [default] **
Priority    Files   Size     Score Read(GB)  Rn(GB) Rnp1(GB) Write(GB) Wnew(GB) Moved(GB) W-Amp Rd(MB/s) Wr(MB/s) Comp(sec) CompMergeCPU(sec) Comp(cnt) Avg(sec) KeyIn KeyDrop
-------------------------------------------------------------------------------------------------------------------------------------------------------------------------------
 Low      0/0    0.00 KB   0.0      1.1     0.8      0.3       1.1      0.8       0.0   0.0     74.6     74.6     14.57              6.86         3    4.858     20K      2
High      0/0    0.00 KB   0.0      0.0     0.0      0.0       1.2      1.2       0.0   0.0      0.0     90.0     13.58              5.64        18    0.755       0      0
Uptime(secs): 43.5 total, 11.1 interval
Flush(GB): cumulative 1.194, interval 0.398
AddFile(GB): cumulative 0.000, interval 0.000
AddFile(Total Files): cumulative 0, interval 0
AddFile(L0 Files): cumulative 0, interval 0
AddFile(Keys): cumulative 0, interval 0
Cumulative compaction: 2.26 GB write, 53.14 MB/s write, 1.06 GB read, 25.01 MB/s read, 28.2 seconds
Interval compaction: 0.66 GB write, 61.13 MB/s write, 0.27 GB read, 24.45 MB/s read, 8.1 seconds
Stalls(count): 0 level0_slowdown, 0 level0_slowdown_with_compaction, 0 level0_numfiles, 0 level0_numfiles_with_compaction, 0 stop for pending_compaction_bytes, 0 slowdown for pending_compaction_bytes, 0 memtable_compaction, 0 memtable_slowdown, interval 0 total count

** File Read Latency Histogram By Level [default] **
** Level 0 read latency histogram (micros):
Count: 18354 Average: 11.4130  StdDev: 5.20
Min: 1  Median: 9.3377  Max: 84
Percentiles: P50: 9.34 P75: 14.66 P99: 30.27 P99.9: 41.18 P99.99: 74.10
------------------------------------------------------
[       0,       1 ]       12   0.065%   0.065% 
(       1,       2 ]       17   0.093%   0.158% 
(       2,       3 ]       13   0.071%   0.229% 
(       3,       4 ]       20   0.109%   0.338% 
(       4,       6 ]     1389   7.568%   7.906% ##
(       6,      10 ]     9259  50.447%  58.352% ##########
(      10,      15 ]     3279  17.865%  76.218% ####
(      15,      22 ]     3825  20.840%  97.058% ####
(      22,      34 ]      517   2.817%  99.875% #
(      34,      51 ]       11   0.060%  99.935% 
(      51,      76 ]       11   0.060%  99.995% 
(      76,     110 ]        1   0.005% 100.000% 

** Level 5 read latency histogram (micros):
Count: 2743 Average: 16.3897  StdDev: 5.14
Min: 1  Median: 17.6201  Max: 44
Percentiles: P50: 17.62 P75: 20.33 P99: 32.92 P99.9: 39.34 P99.99: 44.00
------------------------------------------------------
[       0,       1 ]        5   0.182%   0.182% 
(       1,       2 ]        2   0.073%   0.255% 
(       3,       4 ]        4   0.146%   0.401% 
(       4,       6 ]      142   5.177%   5.578% #
(       6,      10 ]      317  11.557%  17.135% ##
(      10,      15 ]      239   8.713%  25.848% ##
(      15,      22 ]     1770  64.528%  90.376% #############
(      22,      34 ]      260   9.479%  99.854% ##
(      34,      51 ]        4   0.146% 100.000% 

** Level 6 read latency histogram (micros):
Count: 5218 Average: 14.5765  StdDev: 4.90
Min: 1  Median: 13.9803  Max: 43
Percentiles: P50: 13.98 P75: 18.07 P99: 31.30 P99.9: 38.33 P99.99: 43.00
------------------------------------------------------
[       0,       1 ]        5   0.096%   0.096% 
(       1,       2 ]        2   0.038%   0.134% 
(       2,       3 ]        4   0.077%   0.211% 
(       3,       4 ]       13   0.249%   0.460% 
(       4,       6 ]      326   6.248%   6.708% #
(       6,      10 ]      518   9.927%  16.635% ##
(      10,      15 ]     2187  41.913%  58.547% ########
(      15,      22 ]     1955  37.466%  96.014% #######
(      22,      34 ]      201   3.852%  99.866% #
(      34,      51 ]        7   0.134% 100.000% 


** DB Stats **
Uptime(secs): 43.5 total, 11.1 interval
Cumulative writes: 24K writes, 24K keys, 24K commit groups, 1.0 writes per commit group, ingest: 2.24 GB, 52.66 MB/s
Cumulative WAL: 24K writes, 0 syncs, 24000.00 writes per sync, written: 2.24 GB, 52.66 MB/s
Cumulative stall: 00:00:0.000 H:M:S, 0.0 percent
Interval writes: 7000 writes, 7000 keys, 7000 commit groups, 1.0 writes per commit group, ingest: 667.82 MB, 60.08 MB/s
Interval WAL: 7000 writes, 0 syncs, 7000.00 writes per sync, written: 0.65 MB, 60.08 MB/s
Interval stall: 00:00:0.000 H:M:S, 0.0 percent


** Compaction Stats [default] **
Level    Files   Size     Score Read(GB)  Rn(GB) Rnp1(GB) Write(GB) Wnew(GB) Moved(GB) W-Amp Rd(MB/s) Wr(MB/s) Comp(sec) CompMergeCPU(sec) Comp(cnt) Avg(sec) KeyIn KeyDrop
----------------------------------------------------------------------------------------------------------------------------------------------------------------------------
  L0      5/0   543.61 MB   1.2      0.3     0.0      0.3       1.9      1.6       0.0   1.2     11.9     83.0     22.93              8.90        25    0.917    5180      0
  L5      6/1   543.61 MB   0.8      0.8     0.5      0.3       0.8      0.5       0.0   1.5     68.1     68.1     11.98              6.08         2    5.991     15K      2
  L6      6/1   543.61 MB   0.0      0.8     0.5      0.3       0.8      0.5       0.0   1.5     73.5     73.5     11.09              5.62         2    5.547     15K      2
 Sum     17/2    1.59 GB   0.0      1.9     1.1      0.8       3.5      2.7       0.0   2.2     41.4     76.8     46.01             20.60        29    1.586     36K      4
 Int      0/0    0.00 KB   0.0      0.8     0.3      0.5       1.2      0.7       0.0   3.0     45.7     68.5     17.85              8.10         8    2.231     15K      2

** Compaction Stats [default] **
Priority    Files   Size     Score Read(GB)  Rn(GB) Rnp1(GB) Write(GB) Wnew(GB) Moved(GB) W-Amp Rd(MB/s) Wr(MB/s) Comp(sec) CompMergeCPU(sec) Comp(cnt) Avg(sec) KeyIn KeyDrop
-------------------------------------------------------------------------------------------------------------------------------------------------------------------------------
 Low      0/0    0.00 KB   0.0      1.9     1.1      0.8       1.9      1.1       0.0   0.0     69.1     69.1     27.55             12.97         5    5.509     36K      4
High      0/0    0.00 KB   0.0      0.0     0.0      0.0       1.6      1.6       0.0   0.0      0.0     88.3     18.46              7.63        24    0.769       0      0
Uptime(secs): 54.6 total, 11.1 interval
Flush(GB): cumulative 1.593, interval 0.398
AddFile(GB): cumulative 0.000, interval 0.000
AddFile(Total Files): cumulative 0, interval 0
AddFile(L0 Files): cumulative 0, interval 0
AddFile(Keys): cumulative 0, interval 0
Cumulative compaction: 3.45 GB write, 64.74 MB/s write, 1.86 GB read, 34.86 MB/s read, 46.0 seconds
Interval compaction: 1.19 GB write, 110.15 MB/s write, 0.80 GB read, 73.44 MB/s read, 17.8 seconds
Stalls(count): 0 level0_slowdown, 0 level0_slowdown_with_compaction, 0 level0_numfiles, 0 level0_numfiles_with_compaction, 0 stop for pending_compaction_bytes, 0 slowdown for pending_compaction_bytes, 0 memtable_compaction, 0 memtable_slowdown, interval 0 total count

** File Read Latency Histogram By Level [default] **
** Level 0 read latency histogram (micros):
Count: 26017 Average: 11.2102  StdDev: 5.08
Min: 1  Median: 9.2812  Max: 84
Percentiles: P50: 9.28 P75: 14.43 P99: 29.31 P99.9: 34.00 P99.99: 72.36
------------------------------------------------------
[       0,       1 ]       14   0.054%   0.054% 
(       1,       2 ]       24   0.092%   0.146% 
(       2,       3 ]       17   0.065%   0.211% 
(       3,       4 ]       26   0.100%   0.311% 
(       4,       6 ]     2317   8.906%   9.217% ##
(       6,      10 ]    12935  49.717%  58.935% ##########
(      10,      15 ]     4715  18.123%  77.057% ####
(      15,      22 ]     5344  20.540%  97.598% ####
(      22,      34 ]      599   2.302%  99.900% 
(      34,      51 ]       14   0.054%  99.954% 
(      51,      76 ]       11   0.042%  99.996% 
(      76,     110 ]        1   0.004% 100.000% 

** Level 5 read latency histogram (micros):
Count: 6675 Average: 14.3759  StdDev: 5.27
Min: 1  Median: 15.3911  Max: 44
Percentiles: P50: 15.39 P75: 19.05 P99: 31.66 P99.9: 33.94 P99.99: 44.00
------------------------------------------------------
[       0,       1 ]       17   0.255%   0.255% 
(       1,       2 ]        3   0.045%   0.300% 
(       2,       3 ]        1   0.015%   0.315% 
(       3,       4 ]       12   0.180%   0.494% 
(       4,       6 ]      429   6.427%   6.921% #
(       6,      10 ]     1471  22.037%  28.959% ####
(      10,      15 ]     1226  18.367%  47.326% ####
(      15,      22 ]     3195  47.865%  95.191% ##########
(      22,      34 ]      316   4.734%  99.925% #
(      34,      51 ]        5   0.075% 100.000% 

** Level 6 read latency histogram (micros):
Count: 6625 Average: 13.3998  StdDev: 5.02
Min: 1  Median: 12.7113  Max: 43
Percentiles: P50: 12.71 P75: 16.85 P99: 30.48 P99.9: 34.91 P99.99: 43.00
------------------------------------------------------
[       0,       1 ]        5   0.075%   0.075% 
(       1,       2 ]        2   0.030%   0.106% 
(       2,       3 ]        4   0.060%   0.166% 
(       3,       4 ]       13   0.196%   0.362% 
(       4,       6 ]      485   7.321%   7.683% #
(       6,      10 ]     1456  21.977%  29.660% ####
(      10,      15 ]     2485  37.509%  67.170% ########
(      15,      22 ]     1966  29.675%  96.845% ######
(      22,      34 ]      202   3.049%  99.894% #
(      34,      51 ]        7   0.106% 100.000% 


** DB Stats **
Uptime(secs): 54.6 total, 11.1 interval
Cumulative writes: 32K writes, 32K keys, 32K commit groups, 1.0 writes per commit group, ingest: 2.98 GB, 55.93 MB/s
Cumulative WAL: 32K writes, 0 syncs, 32000.00 writes per sync, written: 2.98 GB, 55.93 MB/s
Cumulative stall: 00:00:0.000 H:M:S, 0.0 percent
Interval writes: 8000 writes, 8000 keys, 8000 commit groups, 1.0 writes per commit group, ingest: 763.22 MB, 68.74 MB/s
Interval WAL: 8000 writes, 0 syncs, 8000.00 writes per sync, written: 0.75 MB, 68.74 MB/s
Interval stall: 00:00:0.000 H:M:S, 0.0 percent


** Compaction Stats [default] **
Level    Files   Size     Score Read(GB)  Rn(GB) Rnp1(GB) Write(GB) Wnew(GB) Moved(GB) W-Amp Rd(MB/s) Wr(MB/s) Comp(sec) CompMergeCPU(sec) Comp(cnt) Avg(sec) KeyIn KeyDrop
----------------------------------------------------------------------------------------------------------------------------------------------------------------------------
  L0     12/10  1019.27 MB   0.5      0.3     0.0      0.3       2.3      2.1       0.0   1.1      9.5     82.8     28.72             11.23        32    0.898    5180      0
  L5      5/5   415.48 MB   0.0      0.8     0.5      0.3       0.8      0.5       0.0   1.5     68.1     68.1     11.98              6.08         2    5.991     15K      2
  L6      7/0   671.75 MB   0.0      1.0     0.7      0.4       1.0      0.7       0.0   1.6     68.1     68.1     15.74              6.79         3    5.247     20K      2
 Sum     24/15   2.06 GB   0.0      2.1     1.2      0.9       4.2      3.2       0.0   2.0     38.2     75.6     56.45             24.10        37    1.526     41K      4
 Int      0/0    0.00 KB   0.0      0.3     0.1      0.1       0.7      0.6       0.0   1.5     24.5     70.1     10.44              3.50         8    1.305    4884      0

** Compaction Stats [default] **
Priority    Files   Size     Score Read(GB)  Rn(GB) Rnp1(GB) Write(GB) Wnew(GB) Moved(GB) W-Amp Rd(MB/s) Wr(MB/s) Comp(sec) CompMergeCPU(sec) Comp(cnt) Avg(sec) KeyIn KeyDrop
-------------------------------------------------------------------------------------------------------------------------------------------------------------------------------
 Low      0/0    0.00 KB   0.0      2.1     1.2      0.9       2.1      1.2       0.0   0.0     67.1     67.1     32.19             14.13         6    5.366     41K      4
High      0/0    0.00 KB   0.0      0.0     0.0      0.0       2.1      2.1       0.0   0.0      0.0     86.9     24.25              9.96        31    0.782       0      0
Uptime(secs): 65.3 total, 10.7 interval
Flush(GB): cumulative 2.057, interval 0.465
AddFile(GB): cumulative 0.000, interval 0.000
AddFile(Total Files): cumulative 0, interval 0
AddFile(L0 Files): cumulative 0, interval 0
AddFile(Keys): cumulative 0, interval 0
Cumulative compaction: 4.17 GB write, 65.32 MB/s write, 2.11 GB read, 33.06 MB/s read, 56.4 seconds
Interval compaction: 0.71 GB write, 68.30 MB/s write, 0.25 GB read, 23.91 MB/s read, 10.4 seconds
Stalls(count): 0 level0_slowdown, 0 level0_slowdown_with_compaction, 0 level0_numfiles, 0 level0_numfiles_with_compaction, 0 stop for pending_compaction_bytes, 0 slowdown for pending_compaction_bytes, 0 memtable_compaction, 0 memtable_slowdown, interval 0 total count

** File Read Latency Histogram By Level [default] **
** Level 0 read latency histogram (micros):
Count: 32353 Average: 12.2268  StdDev: 5.79
Min: 0  Median: 9.7686  Max: 84
Percentiles: P50: 9.77 P75: 16.42 P99: 31.93 P99.9: 38.19 P99.99: 70.92
------------------------------------------------------
[       0,       1 ]       21   0.065%   0.065% 
(       1,       2 ]       29   0.090%   0.155% 
(       2,       3 ]       22   0.068%   0.223% 
(       3,       4 ]       39   0.121%   0.343% 
(       4,       6 ]     2897   8.954%   9.297% ##
(       6,      10 ]    13977  43.202%  52.499% #########
(      10,      15 ]     5648  17.457%  69.956% ###
(      15,      22 ]     8035  24.835%  94.792% #####
(      22,      34 ]     1646   5.088%  99.879% #
(      34,      51 ]       27   0.083%  99.963% 
(      51,      76 ]       11   0.034%  99.997% 
(      76,     110 ]        1   0.003% 100.000% 

** Level 5 read latency histogram (micros):
Count: 10427 Average: 14.1777  StdDev: 5.83
Min: 1  Median: 14.6652  Max: 46
Percentiles: P50: 14.67 P75: 18.91 P99: 32.24 P99.9: 37.36 P99.99: 46.00
------------------------------------------------------
[       0,       1 ]       17   0.163%   0.163% 
(       1,       2 ]        3   0.029%   0.192% 
(       2,       3 ]        1   0.010%   0.201% 
(       3,       4 ]       24   0.230%   0.432% 
(       4,       6 ]      866   8.305%   8.737% ##
(       6,      10 ]     2679  25.693%  34.430% #####
(      10,      15 ]     1740  16.687%  51.117% ###
(      15,      22 ]     4460  42.774%  93.891% #########
(      22,      34 ]      624   5.984%  99.875% #
(      34,      51 ]       13   0.125% 100.000% 

** Level 6 read latency histogram (micros):
Count: 7668 Average: 12.6481  StdDev: 5.09
Min: 1  Median: 11.7647  Max: 43
Percentiles: P50: 11.76 P75: 15.95 P99: 29.88 P99.9: 33.96 P99.99: 43.00
------------------------------------------------------
[       0,       1 ]        7   0.091%   0.091% 
(       1,       2 ]        4   0.052%   0.143% 
(       2,       3 ]        4   0.052%   0.196% 
(       3,       4 ]       14   0.183%   0.378% 
(       4,       6 ]      618   8.059%   8.438% ##
(       6,      10 ]     2287  29.825%  38.263% ######
(      10,      15 ]     2550  33.255%  71.518% #######
(      15,      22 ]     1974  25.743%  97.261% #####
(      22,      34 ]      203   2.647%  99.909% #
(      34,      51 ]        7   0.091% 100.000% 


** DB Stats **
Uptime(secs): 65.3 total, 10.7 interval
Cumulative writes: 41K writes, 41K keys, 41K commit groups, 1.0 writes per commit group, ingest: 3.82 GB, 59.90 MB/s
Cumulative WAL: 41K writes, 0 syncs, 41000.00 writes per sync, written: 3.82 GB, 59.90 MB/s
Cumulative stall: 00:00:0.000 H:M:S, 0.0 percent
Interval writes: 9000 writes, 9000 keys, 9000 commit groups, 1.0 writes per commit group, ingest: 858.62 MB, 80.12 MB/s
Interval WAL: 9000 writes, 0 syncs, 9000.00 writes per sync, written: 0.84 MB, 80.12 MB/s
Interval stall: 00:00:0.000 H:M:S, 0.0 percent


** Compaction Stats [default] **
Level    Files   Size     Score Read(GB)  Rn(GB) Rnp1(GB) Write(GB) Wnew(GB) Moved(GB) W-Amp Rd(MB/s) Wr(MB/s) Comp(sec) CompMergeCPU(sec) Comp(cnt) Avg(sec) KeyIn KeyDrop
----------------------------------------------------------------------------------------------------------------------------------------------------------------------------
  L0     19/18   1.46 GB   0.2      0.3     0.0      0.3       2.8      2.5       0.0   1.1      7.9     83.1     34.34             13.50        39    0.881    5180      0
  L5      5/5   415.48 MB   0.0      0.8     0.5      0.3       0.8      0.5       0.0   1.5     68.1     68.1     11.98              6.08         2    5.991     15K      2
  L6      7/0   671.75 MB   0.0      1.0     0.7      0.4       1.0      0.7       0.0   1.6     68.1     68.1     15.74              6.79         3    5.247     20K      2
 Sum     31/23   2.52 GB   0.0      2.1     1.2      0.9       4.6      3.7       0.0   1.8     34.8     76.4     62.06             26.37        44    1.411     41K      4
 Int      0/0    0.00 KB   0.0      0.0     0.0      0.0       0.5      0.5       0.0   1.0      0.0     84.7      5.62              2.27         7    0.802       0      0

** Compaction Stats [default] **
Priority    Files   Size     Score Read(GB)  Rn(GB) Rnp1(GB) Write(GB) Wnew(GB) Moved(GB) W-Amp Rd(MB/s) Wr(MB/s) Comp(sec) CompMergeCPU(sec) Comp(cnt) Avg(sec) KeyIn KeyDrop
-------------------------------------------------------------------------------------------------------------------------------------------------------------------------------
 Low      0/0    0.00 KB   0.0      2.1     1.2      0.9       2.1      1.2       0.0   0.0     67.1     67.1     32.19             14.13         6    5.366     41K      4
High      0/0    0.00 KB   0.0      0.0     0.0      0.0       2.5      2.5       0.0   0.0      0.0     86.4     29.87             12.24        38    0.786       0      0
Uptime(secs): 75.7 total, 10.4 interval
Flush(GB): cumulative 2.522, interval 0.465
AddFile(GB): cumulative 0.000, interval 0.000
AddFile(Total Files): cumulative 0, interval 0
AddFile(L0 Files): cumulative 0, interval 0
AddFile(Keys): cumulative 0, interval 0
Cumulative compaction: 4.63 GB write, 62.62 MB/s write, 2.11 GB read, 28.52 MB/s read, 62.1 seconds
Interval compaction: 0.46 GB write, 45.68 MB/s write, 0.00 GB read, 0.00 MB/s read, 5.6 seconds
Stalls(count): 0 level0_slowdown, 0 level0_slowdown_with_compaction, 0 level0_numfiles, 0 level0_numfiles_with_compaction, 0 stop for pending_compaction_bytes, 0 slowdown for pending_compaction_bytes, 0 memtable_compaction, 0 memtable_slowdown, interval 0 total count

** File Read Latency Histogram By Level [default] **
** Level 0 read latency histogram (micros):
Count: 39488 Average: 12.7289  StdDev: 5.97
Min: 0  Median: 10.4936  Max: 84
Percentiles: P50: 10.49 P75: 17.26 P99: 32.19 P99.9: 38.13 P99.99: 69.86
------------------------------------------------------
[       0,       1 ]       27   0.068%   0.068% 
(       1,       2 ]       36   0.091%   0.160% 
(       2,       3 ]       26   0.066%   0.225% 
(       3,       4 ]       68   0.172%   0.398% 
(       4,       6 ]     3737   9.464%   9.861% ##
(       6,      10 ]    15161  38.394%  48.255% ########
(      10,      15 ]     6980  17.676%  65.931% ####
(      15,      22 ]    11100  28.110%  94.041% ######
(      22,      34 ]     2305   5.837%  99.878% #
(      34,      51 ]       35   0.089%  99.967% 
(      51,      76 ]       12   0.030%  99.997% 
(      76,     110 ]        1   0.003% 100.000% 

** Level 5 read latency histogram (micros):
Count: 13069 Average: 14.2505  StdDev: 5.83
Min: 1  Median: 14.7986  Max: 46
Percentiles: P50: 14.80 P75: 18.92 P99: 32.17 P99.9: 35.13 P99.99: 46.00
------------------------------------------------------
[       0,       1 ]       17   0.130%   0.130% 
(       1,       2 ]        3   0.023%   0.153% 
(       2,       3 ]        1   0.008%   0.161% 
(       3,       4 ]       38   0.291%   0.451% 
(       4,       6 ]     1174   8.983%   9.435% ##
(       6,      10 ]     3121  23.881%  33.315% #####
(      10,      15 ]     2272  17.385%  50.700% ###
(      15,      22 ]     5665  43.347%  94.047% #########
(      22,      34 ]      764   5.846%  99.893% #
(      34,      51 ]       14   0.107% 100.000% 

** Level 6 read latency histogram (micros):
Count: 7668 Average: 12.6481  StdDev: 5.09
Min: 1  Median: 11.7647  Max: 43
Percentiles: P50: 11.76 P75: 15.95 P99: 29.88 P99.9: 33.96 P99.99: 43.00
------------------------------------------------------
[       0,       1 ]        7   0.091%   0.091% 
(       1,       2 ]        4   0.052%   0.143% 
(       2,       3 ]        4   0.052%   0.196% 
(       3,       4 ]       14   0.183%   0.378% 
(       4,       6 ]      618   8.059%   8.438% ##
(       6,      10 ]     2287  29.825%  38.263% ######
(      10,      15 ]     2550  33.255%  71.518% #######
(      15,      22 ]     1974  25.743%  97.261% #####
(      22,      34 ]      203   2.647%  99.909% #
(      34,      51 ]        7   0.091% 100.000% 


** DB Stats **
Uptime(secs): 75.7 total, 10.4 interval
Cumulative writes: 51K writes, 51K keys, 51K commit groups, 1.0 writes per commit group, ingest: 4.75 GB, 64.27 MB/s
Cumulative WAL: 51K writes, 0 syncs, 51000.00 writes per sync, written: 4.75 GB, 64.27 MB/s
Cumulative stall: 00:00:0.000 H:M:S, 0.0 percent
Interval writes: 10K writes, 10K keys, 10K commit groups, 1.0 writes per commit group, ingest: 954.03 MB, 91.63 MB/s
Interval WAL: 10K writes, 0 syncs, 10000.00 writes per sync, written: 0.93 MB, 91.63 MB/s
Interval stall: 00:00:0.000 H:M:S, 0.0 percent


** Compaction Stats [default] **
Level    Files   Size     Score Read(GB)  Rn(GB) Rnp1(GB) Write(GB) Wnew(GB) Moved(GB) W-Amp Rd(MB/s) Wr(MB/s) Comp(sec) CompMergeCPU(sec) Comp(cnt) Avg(sec) KeyIn KeyDrop
----------------------------------------------------------------------------------------------------------------------------------------------------------------------------
  L0     11/8    1.13 GB   1.2      0.8     0.0      0.8       3.6      2.8       0.0   1.3     10.7     48.0     76.39             20.50        45    1.698     15K      0
  L5     11/0    1.00 GB   0.9      1.8     1.1      0.7       1.8      1.1       0.0   1.6     44.0     44.0     41.91             16.33         3   13.972     35K      5
  L6      7/0   671.75 MB   0.0      1.0     0.7      0.4       1.0      0.7       0.0   1.6     68.1     68.1     15.74              6.79         3    5.247     20K      2
 Sum     29/8    2.79 GB   0.0      3.6     1.8      1.9       6.4      4.6       0.0   2.3     27.8     49.1    134.05             43.62        51    2.628     71K      7
 Int      0/0    0.00 KB   0.0      1.5     0.6      0.9       1.8      0.9       0.0   6.8     21.8     25.6     71.99             17.25         7   10.284     29K      3

** Compaction Stats [default] **
Priority    Files   Size     Score Read(GB)  Rn(GB) Rnp1(GB) Write(GB) Wnew(GB) Moved(GB) W-Amp Rd(MB/s) Wr(MB/s) Comp(sec) CompMergeCPU(sec) Comp(cnt) Avg(sec) KeyIn KeyDrop
-------------------------------------------------------------------------------------------------------------------------------------------------------------------------------
 Low      0/0    0.00 KB   0.0      3.6     1.8      1.9       3.6      1.8       0.0   0.0     36.9     36.9    100.98             30.12         9   11.220     71K      7
High      0/0    0.00 KB   0.0      0.0     0.0      0.0       2.8      2.8       0.0   0.0      0.0     86.3     33.07             13.50        42    0.787       0      0
Uptime(secs): 86.8 total, 11.1 interval
Flush(GB): cumulative 2.787, interval 0.265
AddFile(GB): cumulative 0.000, interval 0.000
AddFile(Total Files): cumulative 0, interval 0
AddFile(L0 Files): cumulative 0, interval 0
AddFile(Keys): cumulative 0, interval 0
Cumulative compaction: 6.43 GB write, 75.84 MB/s write, 3.64 GB read, 42.97 MB/s read, 134.0 seconds
Interval compaction: 1.80 GB write, 166.10 MB/s write, 1.53 GB read, 141.60 MB/s read, 72.0 seconds
Stalls(count): 4 level0_slowdown, 4 level0_slowdown_with_compaction, 0 level0_numfiles, 0 level0_numfiles_with_compaction, 0 stop for pending_compaction_bytes, 0 slowdown for pending_compaction_bytes, 0 memtable_compaction, 0 memtable_slowdown, interval 4 total count

** File Read Latency Histogram By Level [default] **
** Level 0 read latency histogram (micros):
Count: 53156 Average: 14.2496  StdDev: 6.32
Min: 0  Median: 13.5944  Max: 84
Percentiles: P50: 13.59 P75: 18.82 P99: 32.69 P99.9: 40.09 P99.99: 67.70
------------------------------------------------------
[       0,       1 ]       30   0.056%   0.056% 
(       1,       2 ]       40   0.075%   0.132% 
(       2,       3 ]       32   0.060%   0.192% 
(       3,       4 ]       80   0.151%   0.342% 
(       4,       6 ]     4172   7.849%   8.191% ##
(       6,      10 ]    16000  30.100%  38.291% ######
(      10,      15 ]     8658  16.288%  54.579% ###
(      15,      22 ]    19893  37.424%  92.003% #######
(      22,      34 ]     4176   7.856%  99.859% ##
(      34,      51 ]       61   0.115%  99.974% 
(      51,      76 ]       13   0.024%  99.998% 
(      76,     110 ]        1   0.002% 100.000% 

** Level 5 read latency histogram (micros):
Count: 15625 Average: 14.9391  StdDev: 5.95
Min: 1  Median: 15.6031  Max: 59
Percentiles: P50: 15.60 P75: 19.30 P99: 32.43 P99.9: 39.42 P99.99: 56.47
------------------------------------------------------
[       0,       1 ]       17   0.109%   0.109% 
(       1,       2 ]        3   0.019%   0.128% 
(       2,       3 ]       13   0.083%   0.211% 
(       3,       4 ]       48   0.307%   0.518% 
(       4,       6 ]     1270   8.128%   8.646% ##
(       6,      10 ]     3240  20.736%  29.382% ####
(      10,      15 ]     2584  16.538%  45.920% ###
(      15,      22 ]     7399  47.354%  93.274% #########
(      22,      34 ]     1029   6.586%  99.859% #
(      34,      51 ]       20   0.128%  99.987% 
(      51,      76 ]        2   0.013% 100.000% 

** Level 6 read latency histogram (micros):
Count: 7668 Average: 12.6481  StdDev: 5.09
Min: 1  Median: 11.7647  Max: 43
Percentiles: P50: 11.76 P75: 15.95 P99: 29.88 P99.9: 33.96 P99.99: 43.00
------------------------------------------------------
[       0,       1 ]        7   0.091%   0.091% 
(       1,       2 ]        4   0.052%   0.143% 
(       2,       3 ]        4   0.052%   0.196% 
(       3,       4 ]       14   0.183%   0.378% 
(       4,       6 ]      618   8.059%   8.438% ##
(       6,      10 ]     2287  29.825%  38.263% ######
(      10,      15 ]     2550  33.255%  71.518% #######
(      15,      22 ]     1974  25.743%  97.261% #####
(      22,      34 ]      203   2.647%  99.909% #
(      34,      51 ]        7   0.091% 100.000% 


** DB Stats **
Uptime(secs): 86.8 total, 11.1 interval
Cumulative writes: 56K writes, 56K keys, 56K commit groups, 1.0 writes per commit group, ingest: 5.22 GB, 61.55 MB/s
Cumulative WAL: 56K writes, 0 syncs, 56000.00 writes per sync, written: 5.22 GB, 61.55 MB/s
Cumulative stall: 00:00:7.088 H:M:S, 8.2 percent
Interval writes: 5000 writes, 5000 keys, 5000 commit groups, 1.0 writes per commit group, ingest: 477.01 MB, 43.00 MB/s
Interval WAL: 5000 writes, 0 syncs, 5000.00 writes per sync, written: 0.47 MB, 43.00 MB/s
Interval stall: 00:00:7.088 H:M:S, 63.9 percent


** Compaction Stats [default] **
Level    Files   Size     Score Read(GB)  Rn(GB) Rnp1(GB) Write(GB) Wnew(GB) Moved(GB) W-Amp Rd(MB/s) Wr(MB/s) Comp(sec) CompMergeCPU(sec) Comp(cnt) Avg(sec) KeyIn KeyDrop
----------------------------------------------------------------------------------------------------------------------------------------------------------------------------
  L0     18/12   1.79 GB   2.0      1.1     0.0      1.1       4.5      3.5       0.0   1.3     10.7     45.6    101.35             26.90        56    1.810     20K      0
  L5     11/0    1.00 GB   0.6      1.8     1.1      0.7       1.8      1.1       0.0   1.6     44.0     44.0     41.91             16.33         3   13.972     35K      5
  L6      7/0   671.75 MB   0.0      1.0     0.7      0.4       1.0      0.7       0.0   1.6     68.1     68.1     15.74              6.79         3    5.247     20K      2
 Sum     36/12   3.45 GB   0.0      3.9     1.8      2.1       7.4      5.2       0.0   2.1     25.2     47.4    159.01             50.02        62    2.565     76K      7
 Int      0/0    0.00 KB   0.0      0.3     0.0      0.3       0.9      0.7       0.0   1.4     10.9     38.1     24.96              6.40        11    2.269    5180      0

** Compaction Stats [default] **
Priority    Files   Size     Score Read(GB)  Rn(GB) Rnp1(GB) Write(GB) Wnew(GB) Moved(GB) W-Amp Rd(MB/s) Wr(MB/s) Comp(sec) CompMergeCPU(sec) Comp(cnt) Avg(sec) KeyIn KeyDrop
-------------------------------------------------------------------------------------------------------------------------------------------------------------------------------
 Low      0/0    0.00 KB   0.0      3.9     1.8      2.1       3.9      1.8       0.0   0.0     34.1     34.1    117.26             32.98        10   11.726     76K      7
High      0/0    0.00 KB   0.0      0.0     0.0      0.0       3.5      3.5       0.0   0.0      0.0     84.6     41.75             17.04        52    0.803       0      0
Uptime(secs): 97.3 total, 10.5 interval
Flush(GB): cumulative 3.451, interval 0.664
AddFile(GB): cumulative 0.000, interval 0.000
AddFile(Total Files): cumulative 0, interval 0
AddFile(L0 Files): cumulative 0, interval 0
AddFile(Keys): cumulative 0, interval 0
Cumulative compaction: 7.36 GB write, 77.43 MB/s write, 3.91 GB read, 41.12 MB/s read, 159.0 seconds
Interval compaction: 0.93 GB write, 90.53 MB/s write, 0.27 GB read, 25.87 MB/s read, 25.0 seconds
Stalls(count): 4 level0_slowdown, 4 level0_slowdown_with_compaction, 0 level0_numfiles, 0 level0_numfiles_with_compaction, 0 stop for pending_compaction_bytes, 0 slowdown for pending_compaction_bytes, 0 memtable_compaction, 0 memtable_slowdown, interval 0 total count

** File Read Latency Histogram By Level [default] **
** Level 0 read latency histogram (micros):
Count: 59943 Average: 14.0696  StdDev: 6.27
Min: 0  Median: 13.2047  Max: 84
Percentiles: P50: 13.20 P75: 18.61 P99: 32.58 P99.9: 39.84 P99.99: 66.40
------------------------------------------------------
[       0,       1 ]       32   0.053%   0.053% 
(       1,       2 ]       51   0.085%   0.138% 
(       2,       3 ]       39   0.065%   0.204% 
(       3,       4 ]      124   0.207%   0.410% 
(       4,       6 ]     5185   8.650%   9.060% ##
(       6,      10 ]    17869  29.810%  38.870% ######
(      10,      15 ]    10409  17.365%  56.235% ###
(      15,      22 ]    21798  36.365%  92.600% #######
(      22,      34 ]     4352   7.260%  99.860% #
(      34,      51 ]       70   0.117%  99.977% 
(      51,      76 ]       13   0.022%  99.998% 
(      76,     110 ]        1   0.002% 100.000% 

** Level 5 read latency histogram (micros):
Count: 15625 Average: 14.9391  StdDev: 5.95
Min: 1  Median: 15.6031  Max: 59
Percentiles: P50: 15.60 P75: 19.30 P99: 32.43 P99.9: 39.42 P99.99: 56.47
------------------------------------------------------
[       0,       1 ]       17   0.109%   0.109% 
(       1,       2 ]        3   0.019%   0.128% 
(       2,       3 ]       13   0.083%   0.211% 
(       3,       4 ]       48   0.307%   0.518% 
(       4,       6 ]     1270   8.128%   8.646% ##
(       6,      10 ]     3240  20.736%  29.382% ####
(      10,      15 ]     2584  16.538%  45.920% ###
(      15,      22 ]     7399  47.354%  93.274% #########
(      22,      34 ]     1029   6.586%  99.859% #
(      34,      51 ]       20   0.128%  99.987% 
(      51,      76 ]        2   0.013% 100.000% 

** Level 6 read latency histogram (micros):
Count: 7668 Average: 12.6481  StdDev: 5.09
Min: 1  Median: 11.7647  Max: 43
Percentiles: P50: 11.76 P75: 15.95 P99: 29.88 P99.9: 33.96 P99.99: 43.00
------------------------------------------------------
[       0,       1 ]        7   0.091%   0.091% 
(       1,       2 ]        4   0.052%   0.143% 
(       2,       3 ]        4   0.052%   0.196% 
(       3,       4 ]       14   0.183%   0.378% 
(       4,       6 ]      618   8.059%   8.438% ##
(       6,      10 ]     2287  29.825%  38.263% ######
(      10,      15 ]     2550  33.255%  71.518% #######
(      15,      22 ]     1974  25.743%  97.261% #####
(      22,      34 ]      203   2.647%  99.909% #
(      34,      51 ]        7   0.091% 100.000% 


** DB Stats **
Uptime(secs): 97.3 total, 10.5 interval
Cumulative writes: 69K writes, 69K keys, 69K commit groups, 1.0 writes per commit group, ingest: 6.43 GB, 67.65 MB/s
Cumulative WAL: 69K writes, 0 syncs, 69000.00 writes per sync, written: 6.43 GB, 67.65 MB/s
Cumulative stall: 00:00:7.088 H:M:S, 7.3 percent
Interval writes: 13K writes, 13K keys, 13K commit groups, 1.0 writes per commit group, ingest: 1240.24 MB, 118.03 MB/s
Interval WAL: 13K writes, 0 syncs, 13000.00 writes per sync, written: 1.21 MB, 118.03 MB/s
Interval stall: 00:00:0.000 H:M:S, 0.0 percent


** Compaction Stats [default] **
Level    Files   Size     Score Read(GB)  Rn(GB) Rnp1(GB) Write(GB) Wnew(GB) Moved(GB) W-Amp Rd(MB/s) Wr(MB/s) Comp(sec) CompMergeCPU(sec) Comp(cnt) Avg(sec) KeyIn KeyDrop
----------------------------------------------------------------------------------------------------------------------------------------------------------------------------
  L0     18/12   2.19 GB   2.8      1.6     0.0      1.6       5.4      3.8       0.0   1.4     11.6     39.5    141.04             33.65        64    2.204     31K      0
  L5     11/0    1.00 GB   0.5      1.8     1.1      0.7       1.8      1.1       0.0   1.6     44.0     44.0     41.91             16.33         3   13.972     35K      5
  L6      7/0   671.75 MB   0.0      1.0     0.7      0.4       1.0      0.7       0.0   1.6     68.1     68.1     15.74              6.79         3    5.247     20K      2
 Sum     36/12   3.85 GB   0.0      4.4     1.8      2.7       8.3      5.6       0.0   2.2     22.9     42.7    198.69             56.76        70    2.838     86K      7
 Int      0/0    0.00 KB   0.0      0.5     0.0      0.5       0.9      0.4       0.0   2.3     13.7     24.0     39.68              6.74         8    4.960     10K      0

** Compaction Stats [default] **
Priority    Files   Size     Score Read(GB)  Rn(GB) Rnp1(GB) Write(GB) Wnew(GB) Moved(GB) W-Amp Rd(MB/s) Wr(MB/s) Comp(sec) CompMergeCPU(sec) Comp(cnt) Avg(sec) KeyIn KeyDrop
-------------------------------------------------------------------------------------------------------------------------------------------------------------------------------
 Low      0/0    0.00 KB   0.0      4.4     1.8      2.7       4.4      1.8       0.0   0.0     29.9     29.9    152.10             37.74        12   12.675     86K      7
High      0/0    0.00 KB   0.0      0.0     0.0      0.0       3.8      3.8       0.0   0.0      0.0     84.6     46.59             19.02        58    0.803       0      0
Uptime(secs): 108.0 total, 10.7 interval
Flush(GB): cumulative 3.849, interval 0.398
AddFile(GB): cumulative 0.000, interval 0.000
AddFile(Total Files): cumul