    \begin{subfigure}[t]{0.5\textwidth}
    \begin{tikzpicture}
\begin{axis}[
    title=fillrandom_0201-2253_r200_p10,
    xlabel={},
    ylabel={MB/s},
    ymin=0,
    ymax=250,
    ytick={0,50,...,300},
    width=\textwidth,
    legend style={
        at={(0.5,-0.2)},
        anchor=north,legend columns=1
    },
    ymajorgrids=true,
    grid style=dashed,
]
\addplot
	coordinates { (10.0,47.63)(21.6,49.28)(32.3,53.44)(43.5,60.09)(54.6,68.70)(65.3,80.12)(75.7,91.57)(85.8,103.93)(96.4,116.88)(106.6,130.76)(120.8,94.40)(130.9,85.19)(141.0,160.56)(152.1,60.00)(164.5,84.21)(174.7,75.41)(187.4,135.04)(197.6,92.99)(207.7,38.06)(217.7,66.37)(229.8,47.39)(239.9,142.40)(257.4,10.88)(267.7,9.23)(277.9,112.14)(288.4,99.82)(299.4,87.43)(309.5,75.50)(319.7,65.47)(331.2,58.00)(342.3,51.52)(354.1,48.25)(365.1,34.77)(376.4,50.61)(386.7,56.01)(400.5,6.91)(411.6,43.00)(424.8,50.61)(435.0,102.73)(445.1,103.86)(455.4,92.62)(468.5,65.39)(479.9,67.15)(496.6,45.76)(506.6,85.77)(518.9,38.74)(534.4,6.15)(548.9,6.57)(562.4,7.09)(574.2,72.55)(584.8,99.13)(599.5,103.89) };
\addplot
	coordinates { (10.0,47.61)(21.6,48.51)(32.3,50.14)(43.5,52.68)(54.6,55.94)(65.3,59.91)(75.7,64.27)(85.8,68.94)(96.4,74.21)(106.6,79.63)(120.8,81.36)(130.9,81.65)(141.0,87.31)(152.1,85.31)(164.5,85.23)(174.7,84.66)(187.4,88.08)(197.6,88.33)(207.7,85.91)(217.7,85.00)(229.8,83.03)(239.9,85.51)(257.4,80.43)(267.7,77.68)(277.9,78.95)(288.4,79.71)(299.4,79.99)(309.5,79.84)(319.7,79.38)(331.2,78.64)(342.3,77.76)(354.1,76.77)(365.1,75.51)(376.4,74.76)(386.7,74.27)(400.5,71.94)(411.6,71.16)(424.8,70.52)(435.0,71.28)(445.1,72.02)(455.4,72.49)(468.5,72.29)(479.9,72.17)(496.6,71.28)(506.6,71.57)(518.9,70.79)(534.4,68.91)(548.9,67.26)(562.4,65.82)(574.2,65.96)(584.8,66.56)(599.5,67.48) };
\addplot
	coordinates { (10.0,20.35)(21.6,52.65)(32.3,101.49)(43.5,85.60)(54.6,167.71)(65.3,173.83)(75.7,204.75)(85.8,192.44)(96.4,89.65)(106.6,318.26)(120.8,96.06)(130.9,94.39)(141.0,401.35)(152.1,61.05)(164.5,114.51)(174.7,94.00)(187.4,425.63)(197.6,119.21)(207.7,54.21)(217.7,87.79)(229.8,78.76)(239.9,687.00)(257.4,85.95)(267.7,367.62)(277.9,130.06)(288.4,135.79)(299.4,280.10)(309.5,67.22)(319.7,86.60)(331.2,82.62)(342.3,55.05)(354.1,46.02)(365.1,727.69)(376.4,37.65)(386.7,216.12)(400.5,62.29)(411.6,298.92)(424.8,75.81)(435.0,594.23)(445.1,80.70)(455.4,99.14)(468.5,87.84)(479.9,101.64)(496.6,61.12)(506.6,727.51)(518.9,33.11)(534.4,151.90)(548.9,57.51)(562.4,235.48)(574.2,168.14)(584.8,553.60)(599.5,92.49) };
\addplot
	coordinates { (10.0,20.35)(21.6,37.69)(32.3,58.82)(43.5,65.67)(54.6,86.44)(65.3,100.79)(75.7,115.09)(85.8,124.20)(96.4,120.39)(106.6,139.35)(120.8,134.28)(130.9,131.20)(141.0,150.56)(152.1,144.01)(164.5,141.78)(174.7,139.01)(187.4,158.46)(197.6,156.42)(207.7,151.49)(217.7,148.54)(229.8,144.88)(239.9,167.59)(257.4,162.03)(267.7,169.96)(277.9,168.50)(288.4,167.30)(299.4,171.42)(309.5,168.01)(319.7,165.42)(331.2,162.54)(342.3,159.05)(354.1,155.28)(365.1,172.56)(376.4,168.51)(386.7,169.77)(400.5,166.06)(411.6,169.64)(424.8,166.73)(435.0,176.77)(445.1,174.59)(455.4,172.88)(468.5,170.50)(479.9,168.87)(496.6,165.25)(506.6,176.36)(518.9,172.96)(534.4,172.35)(548.9,169.31)(562.4,170.89)(574.2,170.84)(584.8,177.77)(599.5,175.68) };

\legend{Interval Writes, Cumulative Writes, Interval Compaction, Cumulative Compaction}
\end{axis}
    \end{tikzpicture}
    \end{subfigure}
