    \begin{subfigure}[t]{0.5\textwidth}
    \begin{tikzpicture}
\begin{axis}[
    title=fillrandom,
    xlabel={},
    ylabel={MB/s},
    ymin=0,
    ymax=250,
    ytick={0,50,...,300},
    width=\textwidth,
    legend style={
        at={(0.5,-0.2)},
        anchor=north,legend columns=1
    },
    ymajorgrids=true,
    grid style=dashed,
]
\addplot
	coordinates { (10.0,47.60)(21.6,49.29)(32.4,53.44)(43.5,60.10)(54.5,69.23)(65.3,79.46)(75.7,91.53)(85.8,104.01)(95.9,113.86)(105.9,113.66)(116.0,85.28)(126.3,111.59)(136.5,159.19)(146.5,170.21)(158.0,49.74)(168.8,35.41)(179.0,56.51)(189.6,89.40)(199.8,84.34)(214.7,12.80)(225.0,92.32)(235.6,108.47)(245.9,101.92)(256.2,92.51)(266.5,92.74)(276.6,113.52)(289.0,53.70)(303.7,52.02)(315.0,42.03)(329.0,34.29)(339.8,52.94) };
\addplot
	coordinates { (10.0,47.57)(21.6,48.49)(32.4,50.13)(43.5,52.68)(54.5,56.03)(65.3,59.90)(75.7,64.26)(85.8,68.93)(95.9,73.64)(105.9,77.45)(116.0,78.13)(126.3,80.85)(136.5,86.70)(146.5,92.45)(158.0,89.34)(168.8,85.89)(179.0,84.23)(189.6,84.52)(199.8,84.51)(214.7,79.53)(225.0,80.12)(235.6,81.39)(245.9,82.25)(256.2,82.66)(266.5,83.05)(276.6,84.16)(289.0,82.85)(303.7,81.36)(315.0,79.95)(329.0,78.02)(339.8,77.22) };
\addplot
	coordinates { (10.0,20.34)(21.6,52.66)(32.4,101.49)(43.5,85.60)(54.5,169.00)(65.3,166.11)(75.7,178.58)(85.8,222.27)(95.9,139.60)(105.9,255.18)(116.0,101.24)(126.3,308.06)(136.5,200.10)(146.5,202.06)(158.0,59.05)(168.8,69.36)(179.0,509.00)(189.6,38.21)(199.8,260.16)(214.7,206.89)(225.0,239.87)(235.6,64.39)(245.9,131.99)(256.2,105.43)(266.5,138.72)(276.6,530.59)(289.0,60.10)(303.7,69.48)(315.0,47.90)(329.0,550.48)(339.8,18.85) };
\addplot
	coordinates { (10.0,20.33)(21.6,37.68)(32.4,58.81)(43.5,65.66)(54.5,86.57)(65.3,99.73)(75.7,110.58)(85.8,123.71)(95.9,125.38)(105.9,137.72)(116.0,134.56)(126.3,148.65)(136.5,152.49)(146.5,155.91)(158.0,148.85)(168.8,143.78)(179.0,164.45)(189.6,157.35)(199.8,162.59)(214.7,165.66)(225.0,169.07)(235.6,164.38)(245.9,163.02)(256.2,160.71)(266.5,159.86)(276.6,173.38)(289.0,168.50)(303.7,163.72)(315.0,159.54)(329.0,176.08)(339.8,171.07) };

\legend{Interval Writes, Cumulative Writes, Interval Compaction, Cumulative Compaction}
\end{axis}
    \end{tikzpicture}
    \end{subfigure}
