    \begin{subfigure}[t]{0.5\textwidth}
    \begin{tikzpicture}
\begin{axis}[
    title=fillrandom,
    xlabel={},
    ylabel={MB/s},
    ymin=0,
    ymax=250,
    ytick={0,50,...,300},
    width=\textwidth,
    legend style={
        at={(0.5,-0.2)},
        anchor=north,legend columns=1
    },
    ymajorgrids=true,
    grid style=dashed,
]
\addplot
	coordinates { (10.0,47.61)(21.6,49.29)(32.4,53.44)(43.5,60.10)(54.5,69.20)(65.3,79.46)(75.7,91.52)(85.8,104.07)(96.0,112.93)(106.3,120.40)(117.1,96.41)(127.2,132.89)(137.6,165.06)(150.7,101.75)(162.1,33.52)(172.5,64.16)(182.8,74.35)(193.3,91.00)(203.6,55.38)(213.6,28.59)(223.7,103.89)(234.7,103.81)(247.4,90.34)(257.6,103.45)(267.7,84.88)(278.2,90.70)(289.1,69.68)(300.1,69.57)(310.9,44.28)(322.2,42.04)(334.8,22.78)(346.2,50.18) };
\addplot
	coordinates { (10.0,47.54)(21.6,48.48)(32.4,50.12)(43.5,52.67)(54.5,56.01)(65.3,59.89)(75.7,64.25)(85.8,68.93)(96.0,73.58)(106.3,78.11)(117.1,79.81)(127.2,84.01)(137.6,90.14)(150.7,91.15)(162.1,87.10)(172.5,85.72)(182.8,85.08)(193.3,85.40)(203.6,83.88)(213.6,81.28)(223.7,82.31)(234.7,83.32)(247.4,83.68)(257.6,84.45)(267.7,84.47)(278.2,84.71)(289.1,84.14)(300.1,83.60)(310.9,82.24)(322.2,80.83)(334.8,78.65)(346.2,77.71) };
\addplot
	coordinates { (10.0,20.35)(21.6,52.66)(32.4,101.49)(43.5,85.60)(54.5,168.94)(65.3,166.11)(75.7,178.56)(85.8,260.50)(96.0,100.54)(106.3,118.74)(117.1,229.88)(127.2,312.75)(137.6,228.61)(150.7,103.54)(162.1,65.65)(172.5,45.70)(182.8,505.46)(193.3,51.86)(203.6,294.44)(213.6,274.70)(223.7,252.79)(234.7,80.10)(247.4,128.69)(257.6,100.48)(267.7,134.35)(278.2,510.63)(289.1,74.45)(300.1,86.71)(310.9,44.16)(322.2,77.84)(334.8,146.03)(346.2,815.68) };
\addplot
	coordinates { (10.0,20.31)(21.6,37.67)(32.4,58.79)(43.5,65.65)(54.5,86.55)(65.3,99.71)(75.7,110.57)(85.8,128.19)(96.0,125.26)(106.3,124.63)(117.1,134.41)(127.2,148.50)(137.6,154.56)(150.7,150.12)(162.1,144.18)(172.5,138.24)(182.8,158.87)(193.3,153.06)(203.6,160.24)(213.6,165.60)(223.7,169.54)(234.7,165.34)(247.4,163.46)(257.6,160.98)(267.7,159.97)(278.2,173.23)(289.1,169.49)(300.1,166.46)(310.9,162.23)(322.2,159.25)(334.8,158.76)(346.2,180.41) };

\legend{Interval Writes, Cumulative Writes, Interval Compaction, Cumulative Compaction}
\end{axis}
    \end{tikzpicture}
    \end{subfigure}
