    \begin{subfigure}[t]{0.5\textwidth}
    \begin{tikzpicture}
\begin{axis}[
    title=fillrandom,
    xlabel={},
    ylabel={MB/s},
    ymin=0,
    ymax=250,
    ytick={0,50,...,300},
    width=\textwidth,
    legend style={
        at={(0.5,-0.2)},
        anchor=north,legend columns=1
    },
    ymajorgrids=true,
    grid style=dashed,
]
\addplot
	coordinates { (10.0,47.57)(21.7,49.29)(32.4,53.44)(43.5,60.07)(54.5,69.17)(65.5,69.79)(75.5,76.20)(86.1,63.12)(96.7,107.11)(107.1,110.60)(118.1,112.25)(128.9,105.96)(143.9,50.88)(154.9,34.78)(167.2,31.19)(179.3,101.73)(195.9,51.74)(206.3,101.43)(216.4,151.19)(227.5,145.99)(237.5,37.96)(254.9,21.97)(267.5,83.44)(277.7,75.05)(292.4,19.38)(303.1,71.50)(313.8,71.33)(324.5,62.35)(334.8,55.52)(346.2,50.16) };
\addplot
	coordinates { (10.0,47.50)(21.7,48.46)(32.4,50.11)(43.5,52.65)(54.5,56.00)(65.5,58.30)(75.5,60.68)(86.1,60.98)(96.7,66.07)(107.1,70.38)(118.1,74.29)(128.9,76.95)(143.9,74.23)(154.9,71.44)(167.2,68.49)(179.3,70.75)(195.9,69.14)(206.3,70.76)(216.4,74.51)(227.5,78.00)(237.5,76.31)(254.9,72.61)(267.5,73.11)(277.7,73.19)(292.4,70.47)(303.1,70.50)(313.8,70.53)(324.5,70.26)(334.8,69.81)(346.2,69.16) };
\addplot
	coordinates { (10.0,20.33)(21.7,52.66)(32.4,76.12)(43.5,55.01)(54.5,103.21)(65.5,43.49)(75.5,122.95)(86.1,106.18)(96.7,157.49)(107.1,144.42)(118.1,110.71)(128.9,163.52)(143.9,67.96)(154.9,43.35)(167.2,380.02)(179.3,69.07)(195.9,49.13)(206.3,349.38)(216.4,368.39)(227.5,177.37)(237.5,47.32)(254.9,317.11)(267.5,72.67)(277.7,101.43)(292.4,224.40)(303.1,343.94)(313.8,44.46)(324.5,107.85)(334.8,32.95)(346.2,568.78) };
\addplot
	coordinates { (10.0,20.30)(21.7,37.65)(32.4,50.38)(43.5,51.57)(54.5,62.02)(65.5,58.92)(75.5,67.42)(86.1,72.19)(96.7,81.61)(107.1,87.68)(118.1,89.83)(128.9,96.01)(143.9,93.09)(154.9,89.56)(167.2,110.83)(179.3,107.99)(195.9,103.00)(206.3,115.36)(216.4,127.17)(227.5,129.62)(237.5,126.13)(254.9,139.14)(267.5,136.02)(277.7,134.75)(292.4,139.28)(303.1,146.49)(313.8,143.01)(324.5,141.85)(334.8,138.49)(346.2,152.68) };

\legend{Interval Writes, Cumulative Writes, Interval Compaction, Cumulative Compaction}
\end{axis}
    \end{tikzpicture}
    \end{subfigure}
