    \begin{subfigure}[t]{0.5\textwidth}
    \begin{tikzpicture}
\begin{axis}[
    title=fillrandom_0201-2345_r100_p10,
    xlabel={},
    ylabel={MB/s},
    ymin=0,
    ymax=250,
    ytick={0,50,...,300},
    width=\textwidth,
    legend style={
        at={(0.5,-0.2)},
        anchor=north,legend columns=1
    },
    ymajorgrids=true,
    grid style=dashed,
]
\addplot
	coordinates { (21.0,22.68)(32.3,25.42)(43.7,41.97)(54.4,62.42)(70.7,52.60)(81.5,97.01)(92.1,72.34)(103.5,100.22)(114.3,70.82)(124.4,103.67)(135.9,74.52)(150.1,33.57)(165.2,18.93)(189.7,3.90)(200.0,166.71)(215.4,31.01)(229.4,95.64)(239.8,91.62)(250.2,91.47)(260.7,72.58)(271.0,83.39)(290.6,34.16)(317.5,14.19)(328.8,16.76)(339.6,52.99)(351.4,48.89)(361.4,47.66)(372.1,17.71)(384.2,7.88)(399.1,19.32)(409.1,9.47)(419.3,84.12)(430.3,96.17)(440.8,72.11)(453.2,84.81)(466.0,82.31)(476.3,83.43)(495.1,55.70)(514.6,4.88)(525.1,27.45)(547.7,4.23)(558.0,165.52)(577.5,29.45)(589.4,8.00) };
\addplot
	coordinates { (21.0,22.68)(32.3,23.63)(43.7,28.41)(54.4,35.10)(70.7,39.14)(81.5,46.82)(92.1,49.75)(103.5,55.32)(114.3,56.78)(124.4,60.60)(135.9,61.78)(150.1,59.11)(165.2,55.43)(189.7,48.78)(200.0,54.85)(215.4,53.15)(229.4,55.74)(239.8,57.30)(250.2,58.72)(260.7,59.28)(271.0,60.19)(290.6,58.44)(317.5,54.69)(328.8,53.38)(339.6,53.37)(351.4,53.22)(361.4,53.07)(372.1,52.04)(384.2,50.65)(399.1,49.49)(409.1,48.50)(419.3,49.37)(430.3,50.56)(440.8,51.07)(453.2,51.99)(466.0,52.82)(476.3,53.48)(495.1,53.57)(514.6,51.72)(525.1,51.24)(547.7,49.30)(558.0,51.46)(577.5,50.72)(589.4,49.85) };
\addplot
	coordinates { (21.0,0.00)(32.3,24.14)(43.7,17.94)(54.4,38.11)(70.7,49.95)(81.5,131.90)(92.1,96.61)(103.5,118.97)(114.3,94.58)(124.4,100.69)(135.9,117.96)(150.1,38.26)(165.2,13.48)(189.7,185.81)(200.0,79.16)(215.4,44.18)(229.4,145.98)(239.8,97.88)(250.2,97.73)(260.7,129.24)(271.0,92.39)(290.6,34.76)(317.5,17.69)(328.8,399.78)(339.6,75.08)(351.4,29.02)(361.4,20.37)(372.1,31.01)(384.2,5.61)(399.1,50.70)(409.1,493.81)(419.3,126.48)(430.3,95.27)(440.8,89.88)(453.2,115.32)(466.0,111.93)(476.3,92.44)(495.1,61.31)(514.6,3.48)(525.1,39.10)(547.7,249.38)(558.0,78.60)(577.5,26.06)(589.4,13.60) };
\addplot
	coordinates { (21.0,0.00)(32.3,8.42)(43.7,10.90)(54.4,16.25)(70.7,24.03)(81.5,38.35)(92.1,45.03)(103.5,53.19)(114.3,57.10)(124.4,60.64)(135.9,65.50)(150.1,62.92)(165.2,58.40)(189.7,74.85)(200.0,75.07)(215.4,72.86)(229.4,77.31)(239.8,78.21)(250.2,79.02)(260.7,81.05)(271.0,81.48)(290.6,78.33)(317.5,73.20)(328.8,84.50)(339.6,84.20)(351.4,82.36)(361.4,80.64)(372.1,79.21)(384.2,76.89)(399.1,75.92)(409.1,86.21)(419.3,87.19)(430.3,87.39)(440.8,87.45)(453.2,88.21)(466.0,88.86)(476.3,88.94)(495.1,87.89)(514.6,84.68)(525.1,83.78)(547.7,90.60)(558.0,90.38)(577.5,88.22)(589.4,86.71) };

\legend{Interval Writes, Cumulative Writes, Interval Compaction, Cumulative Compaction}
\end{axis}
    \end{tikzpicture}
    \end{subfigure}
