    \begin{subfigure}[t]{0.5\textwidth}
    \begin{tikzpicture}
\begin{axis}[
    title=fillrandom_0201-2358_r50_p10,
    xlabel={},
    ylabel={MB/s},
    ymin=0,
    ymax=250,
    ytick={0,50,...,300},
    width=\textwidth,
    legend style={
        at={(0.5,-0.2)},
        anchor=north,legend columns=1
    },
    ymajorgrids=true,
    grid style=dashed,
]
\addplot
	coordinates { (21.0,22.68)(39.9,5.07)(50.6,35.67)(61.5,52.34)(72.1,72.09)(87.8,30.40)(98.5,17.81)(109.1,54.21)(119.5,54.78)(142.2,29.47)(153.0,61.57)(163.6,63.18)(177.3,13.92)(191.0,48.57)(202.6,33.11)(221.8,39.58)(236.9,44.30)(294.0,6.68)(340.5,2.05)(352.2,48.85)(362.2,47.69)(373.6,50.07)(384.2,54.04)(395.2,61.12)(409.0,41.24)(421.1,39.61)(431.8,35.73)(448.5,39.78)(458.9,46.21)(472.6,48.77)(486.9,26.55)(498.2,67.98)(514.3,23.71)(544.3,22.19)(566.1,17.57)(587.7,17.62) };
\addplot
	coordinates { (21.0,22.68)(39.9,14.36)(50.6,18.87)(61.5,24.82)(72.1,31.76)(87.8,31.52)(98.5,30.03)(109.1,32.37)(119.5,34.33)(142.2,33.55)(153.0,35.54)(163.6,37.33)(177.3,35.52)(191.0,36.46)(202.6,36.27)(221.8,36.56)(236.9,37.05)(294.0,31.15)(340.5,27.18)(352.2,27.90)(362.2,28.45)(373.6,29.11)(384.2,29.80)(395.2,30.66)(409.0,31.02)(421.1,31.27)(431.8,31.38)(448.5,31.69)(458.9,32.02)(472.6,32.50)(486.9,32.33)(498.2,33.13)(514.3,32.84)(544.3,32.25)(566.1,31.68)(587.7,31.17) };
\addplot
	coordinates { (21.0,0.00)(39.9,10.83)(50.6,12.70)(61.5,31.07)(72.1,38.51)(87.8,25.98)(98.5,25.36)(109.1,51.48)(119.5,84.54)(142.2,32.99)(153.0,68.92)(163.6,90.01)(177.3,34.70)(191.0,69.20)(202.6,41.28)(221.8,49.34)(236.9,63.10)(294.0,3.57)(340.5,103.79)(352.2,23.19)(362.2,54.35)(373.6,53.50)(384.2,25.66)(395.2,55.98)(409.0,48.95)(421.1,39.50)(431.8,50.90)(448.5,56.66)(458.9,46.08)(472.6,69.48)(486.9,33.09)(498.2,72.63)(514.3,38.00)(544.3,31.61)(566.1,21.90)(587.7,21.97) };
\addplot
	coordinates { (21.0,0.00)(39.9,5.11)(50.6,6.72)(61.5,11.05)(72.1,15.08)(87.8,17.03)(98.5,17.94)(109.1,21.19)(119.5,26.73)(142.2,27.72)(153.0,30.64)(163.6,34.48)(177.3,34.50)(191.0,36.99)(202.6,37.24)(221.8,38.29)(236.9,39.87)(294.0,32.82)(340.5,42.50)(352.2,41.86)(362.2,42.20)(373.6,42.55)(384.2,42.08)(395.2,42.47)(409.0,42.69)(421.1,42.60)(431.8,42.80)(448.5,43.32)(458.9,43.38)(472.6,44.14)(486.9,43.81)(498.2,44.46)(514.3,44.26)(544.3,43.56)(566.1,42.73)(587.7,41.96) };

\legend{Interval Writes, Cumulative Writes, Interval Compaction, Cumulative Compaction}
\end{axis}
    \end{tikzpicture}
    \end{subfigure}
