    \begin{subfigure}[t]{0.5\textwidth}
    \begin{tikzpicture}
\begin{axis}[
    title=fillrandom_0201-2319_r200_p10,
    xlabel={},
    ylabel={MB/s},
    ymin=0,
    ymax=250,
    ytick={0,50,...,300},
    width=\textwidth,
    legend style={
        at={(0.5,-0.2)},
        anchor=north,legend columns=1
    },
    ymajorgrids=true,
    grid style=dashed,
]
\addplot
	coordinates { (14.8,32.29)(27.7,36.98)(38.0,55.29)(48.5,63.57)(59.6,60.27)(69.7,84.97)(80.5,97.09)(90.9,110.00)(101.0,123.78)(111.6,116.54)(122.1,127.22)(132.7,135.42)(146.6,109.92)(158.2,32.71)(168.4,56.29)(178.9,172.19)(193.8,12.81)(204.3,27.18)(214.4,181.09)(225.6,59.16)(237.1,91.85)(248.7,98.19)(259.5,106.46)(269.6,47.01)(285.6,41.78)(297.5,40.17)(308.0,36.17)(319.4,66.92)(330.9,58.04)(351.2,9.41)(363.5,23.32)(373.8,36.99)(384.3,54.48)(395.2,61.23)(406.1,70.49)(416.7,81.08)(426.9,83.49)(437.1,102.78)(447.8,71.70)(458.1,55.67)(472.6,52.65)(482.8,55.79)(503.1,28.19)(514.2,112.36)(526.5,7.73)(539.7,7.24)(554.4,6.50)(564.8,9.16)(581.7,33.81)(591.8,151.81) };
\addplot
	coordinates { (14.8,32.28)(27.7,34.47)(38.0,40.14)(48.5,45.21)(59.6,48.01)(69.7,53.37)(80.5,59.23)(90.9,65.04)(101.0,70.87)(111.6,75.23)(122.1,79.70)(132.7,84.14)(146.6,86.58)(158.2,82.61)(168.4,81.02)(178.9,86.38)(193.8,80.73)(204.3,77.97)(214.4,82.78)(225.6,81.60)(237.1,82.10)(248.7,82.85)(259.5,83.83)(269.6,82.44)(285.6,80.17)(297.5,78.57)(308.0,77.12)(319.4,76.75)(330.9,76.10)(351.2,72.25)(363.5,70.60)(373.8,69.67)(384.3,69.26)(395.2,69.04)(406.1,69.07)(416.7,69.38)(426.9,69.72)(437.1,70.49)(447.8,70.52)(458.1,70.19)(472.6,69.65)(482.8,69.35)(503.1,67.69)(514.2,68.65)(526.5,67.22)(539.7,65.76)(554.4,64.19)(564.8,63.17)(581.7,62.32)(591.8,63.84) };
\addplot
	coordinates { (14.8,4.60)(27.7,21.07)(38.0,32.82)(48.5,38.81)(59.6,110.38)(69.7,100.86)(80.5,270.29)(90.9,202.38)(101.0,99.40)(111.6,262.51)(122.1,146.61)(132.7,265.61)(146.6,122.33)(158.2,64.07)(168.4,476.76)(178.9,90.37)(193.8,114.31)(204.3,430.60)(214.4,95.04)(225.6,84.27)(237.1,124.89)(248.7,122.40)(259.5,505.14)(269.6,53.57)(285.6,59.52)(297.5,40.06)(308.0,701.43)(319.4,41.71)(330.9,205.32)(351.2,139.44)(363.5,235.26)(373.8,314.24)(384.3,58.21)(395.2,49.84)(406.1,69.04)(416.7,64.17)(426.9,99.12)(437.1,659.81)(447.8,63.83)(458.1,85.91)(472.6,70.31)(482.8,46.36)(503.1,425.31)(514.2,49.25)(526.5,57.98)(539.7,208.73)(554.4,52.27)(564.8,447.09)(581.7,98.95)(591.8,406.76) };
\addplot
	coordinates { (14.8,4.60)(27.7,12.28)(38.0,17.87)(48.5,22.40)(59.6,38.75)(69.7,47.76)(80.5,77.62)(90.9,91.90)(101.0,92.65)(111.6,108.85)(122.1,112.09)(132.7,124.32)(146.6,124.13)(158.2,119.70)(168.4,141.26)(178.9,138.27)(193.8,136.43)(204.3,151.58)(214.4,148.94)(225.6,145.71)(237.1,144.71)(248.7,143.66)(259.5,158.64)(269.6,154.69)(285.6,149.36)(297.5,145.00)(308.0,164.05)(319.4,159.69)(330.9,161.27)(351.2,160.01)(363.5,162.55)(373.8,166.74)(384.3,163.77)(395.2,160.63)(406.1,158.19)(416.7,155.80)(426.9,154.43)(437.1,166.23)(447.8,163.80)(458.1,162.05)(472.6,159.24)(482.8,156.84)(503.1,167.67)(514.2,165.13)(526.5,162.62)(539.7,163.74)(554.4,160.79)(564.8,166.07)(581.7,164.12)(591.8,168.24) };

\legend{Interval Writes, Cumulative Writes, Interval Compaction, Cumulative Compaction}
\end{axis}
    \end{tikzpicture}
    \end{subfigure}
