    \begin{subfigure}[t]{0.5\textwidth}
    \begin{tikzpicture}
\begin{axis}[
    title=fillrandom,
    xlabel={},
    ylabel={MB/s},
    ymin=0,
    ymax=250,
    ytick={0,50,...,300},
    width=\textwidth,
    legend style={
        at={(0.5,-0.2)},
        anchor=north,legend columns=1
    },
    ymajorgrids=true,
    grid style=dashed,
]
\addplot
	coordinates { (10.0,47.61)(21.6,49.28)(32.4,53.44)(43.5,60.09)(54.5,69.15)(65.1,71.96)(76.4,67.53)(86.5,75.59)(97.6,103.69)(107.6,114.11)(118.1,108.76)(128.7,108.00)(144.0,49.80)(155.0,34.74)(167.1,31.56)(178.6,108.08)(195.1,51.98)(206.8,90.06)(217.4,162.05)(227.4,142.09)(246.4,25.14)(256.6,56.10)(268.2,82.28)(278.4,74.75)(288.7,18.63)(298.8,56.31)(308.9,76.12)(318.9,66.75)(330.3,58.58)(341.3,51.97) };
\addplot
	coordinates { (10.0,47.54)(21.6,48.47)(32.4,50.12)(43.5,52.67)(54.5,56.00)(65.1,58.60)(76.4,59.92)(86.5,61.75)(97.6,66.50)(107.6,70.94)(118.1,74.31)(128.7,77.08)(144.0,74.18)(155.0,71.39)(167.1,68.50)(178.6,71.05)(195.1,69.43)(206.8,70.59)(217.4,75.05)(227.4,78.02)(246.4,73.95)(256.6,73.24)(268.2,73.63)(278.4,73.67)(288.7,71.72)(298.8,71.19)(308.9,71.35)(318.9,71.21)(330.3,70.77)(341.3,70.17) };
\addplot
	coordinates { (10.0,20.35)(21.6,52.65)(32.4,76.12)(43.5,55.03)(54.5,103.18)(65.1,44.85)(76.4,108.95)(86.5,144.92)(97.6,127.84)(107.6,142.24)(118.1,116.20)(128.7,166.67)(144.0,66.51)(155.0,43.30)(167.1,384.52)(178.6,67.47)(195.1,53.48)(206.8,310.22)(217.4,389.43)(227.4,155.17)(246.4,53.71)(256.6,506.42)(268.2,72.96)(278.4,107.68)(288.7,241.89)(298.8,330.02)(308.9,117.29)(318.9,61.13)(330.3,83.45)(341.3,492.75) };
\addplot
	coordinates { (10.0,20.32)(21.6,37.66)(32.4,50.39)(43.5,51.58)(54.5,62.03)(65.1,59.23)(76.4,66.58)(86.5,75.73)(97.6,81.62)(107.6,87.28)(118.1,89.85)(128.7,96.18)(144.0,93.02)(155.0,89.50)(167.1,110.85)(178.6,108.06)(195.1,103.44)(206.8,115.09)(217.4,128.47)(227.4,129.65)(246.4,123.80)(256.6,139.02)(268.2,136.16)(278.4,135.12)(288.7,138.91)(298.8,145.41)(308.9,144.49)(318.9,141.88)(330.3,139.86)(341.3,151.25) };

\legend{Interval Writes, Cumulative Writes, Interval Compaction, Cumulative Compaction}
\end{axis}
    \end{tikzpicture}
    \end{subfigure}
