    \begin{subfigure}[t]{0.5\textwidth}
    \begin{tikzpicture}
\begin{axis}[
    title=fillrandom_0202-1614_r50_p10,
    xlabel={},
    ylabel={MB/s},
    ymin=0,
    ymax=250,
    ytick={0,50,...,300},
    width=\textwidth,
    legend style={
        at={(0.5,-0.2)},
        anchor=north,legend columns=1
    },
    ymajorgrids=true,
    grid style=dashed,
]
\addplot
	coordinates { (21.0,22.68)(39.8,5.08)(50.6,35.43)(61.6,52.10)(72.0,73.41)(87.7,30.28)(97.9,9.36)(108.6,53.56)(119.3,62.40)(141.9,29.55)(152.3,55.13)(162.6,64.74)(177.4,19.32)(190.6,50.59)(202.5,32.05)(221.9,39.49)(236.9,44.47)(294.1,6.67)(340.5,2.06)(352.3,48.49)(364.2,48.04)(375.5,50.60)(385.9,54.94)(396.7,61.81)(409.4,37.75)(420.5,34.36)(431.8,42.08)(448.5,40.16)(458.9,45.64)(472.1,50.53)(487.3,25.11)(498.8,66.38)(525.2,14.44)(547.0,17.51)(568.4,13.40) };
\addplot
	coordinates { (21.0,22.66)(39.8,14.37)(50.6,18.86)(61.6,24.79)(72.0,31.81)(87.7,31.54)(97.9,29.23)(108.6,31.62)(119.3,34.38)(141.9,33.61)(152.3,35.08)(162.6,36.96)(177.4,35.49)(190.6,36.53)(202.5,36.27)(221.9,36.55)(236.9,37.05)(294.1,31.14)(340.5,27.18)(352.3,27.89)(364.2,28.55)(375.5,29.22)(385.9,29.91)(396.7,30.78)(409.4,30.99)(420.5,31.08)(431.8,31.37)(448.5,31.70)(458.9,32.01)(472.1,32.53)(487.3,32.30)(498.8,33.09)(525.2,32.15)(547.0,31.57)(568.4,30.88) };
\addplot
	coordinates { (21.0,0.00)(39.8,10.86)(50.6,12.62)(61.6,30.92)(72.0,39.22)(87.7,25.88)(97.9,26.66)(108.6,50.87)(119.3,82.54)(141.9,33.08)(152.3,71.98)(162.6,85.63)(177.4,36.70)(190.6,72.06)(202.5,39.95)(221.9,49.23)(236.9,63.35)(294.1,3.56)(340.5,103.99)(352.3,23.03)(364.2,51.33)(375.5,54.06)(385.9,26.09)(396.7,56.60)(409.4,48.39)(420.5,42.83)(431.8,47.96)(448.5,57.21)(458.9,45.51)(472.1,66.84)(487.3,35.77)(498.8,70.92)(525.2,23.15)(547.0,21.83)(568.4,22.28) };
\addplot
	coordinates { (21.0,0.00)(39.8,5.12)(50.6,6.72)(61.6,11.03)(72.0,15.10)(87.7,17.04)(97.9,18.04)(108.6,21.27)(119.3,26.77)(141.9,27.77)(152.3,30.79)(162.6,34.27)(177.4,34.47)(190.6,37.07)(202.5,37.24)(221.9,38.29)(236.9,39.87)(294.1,32.81)(340.5,42.50)(352.3,41.85)(364.2,42.16)(375.5,42.52)(385.9,42.07)(396.7,42.47)(409.4,42.65)(420.5,42.66)(431.8,42.79)(448.5,43.33)(458.9,43.38)(472.1,44.04)(487.3,43.78)(498.8,44.40)(525.2,43.33)(547.0,42.48)(568.4,41.72) };

\legend{Interval Writes, Cumulative Writes, Interval Compaction, Cumulative Compaction}
\end{axis}
    \end{tikzpicture}
    \end{subfigure}
